<?xml version="1.0" encoding="UTF-8"?>
<coverage generated="1614667596490" clover="3.2.0">
  <project timestamp="1614667596490" name="All files">
    <metrics statements="200" coveredstatements="196" conditionals="30" coveredconditionals="28" methods="59" coveredmethods="57" elements="289" coveredelements="281" complexity="0" loc="200" ncloc="200" packages="6" files="12" classes="12"/>
    <package name="src">
      <metrics statements="1" coveredstatements="1" conditionals="0" coveredconditionals="0" methods="1" coveredmethods="1"/>
      <file name="App.js" path="/home/raramuri/Documents/task3-NewBranch Repo clone/groot/atul/react_tasks/src/App.js">
        <metrics statements="1" coveredstatements="1" conditionals="0" coveredconditionals="0" methods="1" coveredmethods="1"/>
        <line num="8" count="1" type="stmt"/>
      </file>
    </package>
    <package name="src.Task2-Trello Clone">
      <metrics statements="2" coveredstatements="2" conditionals="0" coveredconditionals="0" methods="1" coveredmethods="1"/>
      <file name="Main.js" path="/home/raramuri/Documents/task3-NewBranch Repo clone/groot/atul/react_tasks/src/Task2-Trello Clone/Main.js">
        <metrics statements="2" coveredstatements="2" conditionals="0" coveredconditionals="0" methods="1" coveredmethods="1"/>
        <line num="11" count="1" type="stmt"/>
        <line num="12" count="1" type="stmt"/>
      </file>
    </package>
    <package name="src.Task2-Trello Clone.components">
      <metrics statements="97" coveredstatements="93" conditionals="12" coveredconditionals="10" methods="30" coveredmethods="28"/>
      <file name="AddCard.js" path="/home/raramuri/Documents/task3-NewBranch Repo clone/groot/atul/react_tasks/src/Task2-Trello Clone/components/AddCard.js">
        <metrics statements="18" coveredstatements="18" conditionals="4" coveredconditionals="4" methods="4" coveredmethods="4"/>
        <line num="7" count="16" type="stmt"/>
        <line num="8" count="16" type="stmt"/>
        <line num="9" count="16" type="stmt"/>
        <line num="10" count="1" type="stmt"/>
        <line num="12" count="16" type="stmt"/>
        <line num="13" count="2" type="stmt"/>
        <line num="14" count="2" type="cond" truecount="2" falsecount="0"/>
        <line num="15" count="1" type="stmt"/>
        <line num="18" count="1" type="stmt"/>
        <line num="21" count="1" type="stmt"/>
        <line num="22" count="1" type="stmt"/>
        <line num="23" count="1" type="stmt"/>
        <line num="26" count="16" type="stmt"/>
        <line num="27" count="3" type="cond" truecount="2" falsecount="0"/>
        <line num="28" count="1" type="stmt"/>
        <line num="30" count="2" type="stmt"/>
        <line num="33" count="16" type="stmt"/>
        <line num="63" count="3" type="stmt"/>
      </file>
      <file name="AddList.js" path="/home/raramuri/Documents/task3-NewBranch Repo clone/groot/atul/react_tasks/src/Task2-Trello Clone/components/AddList.js">
        <metrics statements="17" coveredstatements="17" conditionals="2" coveredconditionals="2" methods="4" coveredmethods="4"/>
        <line num="7" count="25" type="stmt"/>
        <line num="8" count="25" type="stmt"/>
        <line num="9" count="25" type="stmt"/>
        <line num="10" count="1" type="stmt"/>
        <line num="12" count="25" type="stmt"/>
        <line num="13" count="1" type="stmt"/>
        <line num="14" count="1" type="stmt"/>
        <line num="17" count="1" type="stmt"/>
        <line num="20" count="1" type="stmt"/>
        <line num="21" count="1" type="stmt"/>
        <line num="23" count="25" type="stmt"/>
        <line num="24" count="4" type="cond" truecount="2" falsecount="0"/>
        <line num="25" count="2" type="stmt"/>
        <line num="26" count="2" type="stmt"/>
        <line num="28" count="2" type="stmt"/>
        <line num="31" count="25" type="stmt"/>
        <line num="63" count="3" type="stmt"/>
      </file>
      <file name="Card.js" path="/home/raramuri/Documents/task3-NewBranch Repo clone/groot/atul/react_tasks/src/Task2-Trello Clone/components/Card.js">
        <metrics statements="6" coveredstatements="6" conditionals="0" coveredconditionals="0" methods="2" coveredmethods="2"/>
        <line num="11" count="6" type="stmt"/>
        <line num="12" count="1" type="stmt"/>
        <line num="15" count="1" type="stmt"/>
        <line num="19" count="1" type="stmt"/>
        <line num="22" count="6" type="stmt"/>
        <line num="58" count="2" type="stmt"/>
      </file>
      <file name="DashBoardCard.js" path="/home/raramuri/Documents/task3-NewBranch Repo clone/groot/atul/react_tasks/src/Task2-Trello Clone/components/DashBoardCard.js">
        <metrics statements="28" coveredstatements="24" conditionals="4" coveredconditionals="2" methods="9" coveredmethods="7"/>
        <line num="9" count="17" type="stmt"/>
        <line num="10" count="17" type="stmt"/>
        <line num="12" count="17" type="stmt"/>
        <line num="13" count="1" type="stmt"/>
        <line num="14" count="1" type="stmt"/>
        <line num="17" count="1" type="stmt"/>
        <line num="20" count="1" type="stmt"/>
        <line num="21" count="1" type="stmt"/>
        <line num="23" count="17" type="stmt"/>
        <line num="24" count="1" type="stmt"/>
        <line num="25" count="1" type="stmt"/>
        <line num="26" count="1" type="stmt"/>
        <line num="30" count="1" type="stmt"/>
        <line num="33" count="1" type="stmt"/>
        <line num="34" count="1" type="stmt"/>
        <line num="36" count="17" type="stmt"/>
        <line num="37" count="0" type="cond" truecount="0" falsecount="2"/>
        <line num="38" count="0" type="stmt"/>
        <line num="39" count="0" type="stmt"/>
        <line num="42" count="17" type="cond" truecount="2" falsecount="0"/>
        <line num="51" count="0" type="stmt"/>
        <line num="52" count="1" type="stmt"/>
        <line num="56" count="17" type="stmt"/>
        <line num="57" count="1" type="stmt"/>
        <line num="59" count="17" type="stmt"/>
        <line num="67" count="1" type="stmt"/>
        <line num="79" count="1" type="stmt"/>
        <line num="88" count="3" type="stmt"/>
      </file>
      <file name="DashBoardLists.js" path="/home/raramuri/Documents/task3-NewBranch Repo clone/groot/atul/react_tasks/src/Task2-Trello Clone/components/DashBoardLists.js">
        <metrics statements="21" coveredstatements="21" conditionals="2" coveredconditionals="2" methods="7" coveredmethods="7"/>
        <line num="8" count="17" type="stmt"/>
        <line num="10" count="17" type="stmt"/>
        <line num="12" count="17" type="stmt"/>
        <line num="13" count="1" type="stmt"/>
        <line num="15" count="17" type="stmt"/>
        <line num="16" count="1" type="stmt"/>
        <line num="17" count="1" type="stmt"/>
        <line num="18" count="1" type="stmt"/>
        <line num="21" count="1" type="stmt"/>
        <line num="24" count="1" type="stmt"/>
        <line num="25" count="1" type="stmt"/>
        <line num="27" count="17" type="stmt"/>
        <line num="28" count="1" type="stmt"/>
        <line num="31" count="1" type="stmt"/>
        <line num="34" count="1" type="stmt"/>
        <line num="36" count="17" type="cond" truecount="2" falsecount="0"/>
        <line num="46" count="1" type="stmt"/>
        <line num="50" count="17" type="stmt"/>
        <line num="55" count="1" type="stmt"/>
        <line num="69" count="1" type="stmt"/>
        <line num="76" count="3" type="stmt"/>
      </file>
      <file name="NavBar.js" path="/home/raramuri/Documents/task3-NewBranch Repo clone/groot/atul/react_tasks/src/Task2-Trello Clone/components/NavBar.js">
        <metrics statements="7" coveredstatements="7" conditionals="0" coveredconditionals="0" methods="4" coveredmethods="4"/>
        <line num="13" count="3" type="stmt"/>
        <line num="15" count="1" type="stmt"/>
        <line num="17" count="3" type="stmt"/>
        <line num="18" count="1" type="stmt"/>
        <line num="20" count="3" type="stmt"/>
        <line num="39" count="1" type="stmt"/>
        <line num="63" count="2" type="stmt"/>
      </file>
    </package>
    <package name="src.Task2-Trello Clone.config">
      <metrics statements="1" coveredstatements="1" conditionals="0" coveredconditionals="0" methods="0" coveredmethods="0"/>
      <file name="config.js" path="/home/raramuri/Documents/task3-NewBranch Repo clone/groot/atul/react_tasks/src/Task2-Trello Clone/config/config.js">
        <metrics statements="1" coveredstatements="1" conditionals="0" coveredconditionals="0" methods="0" coveredmethods="0"/>
        <line num="1" count="7" type="stmt"/>
      </file>
    </package>
    <package name="src.Task2-Trello Clone.pages">
      <metrics statements="68" coveredstatements="68" conditionals="12" coveredconditionals="12" methods="16" coveredmethods="16"/>
      <file name="Dashboard.js" path="/home/raramuri/Documents/task3-NewBranch Repo clone/groot/atul/react_tasks/src/Task2-Trello Clone/pages/Dashboard.js">
        <metrics statements="39" coveredstatements="39" conditionals="8" coveredconditionals="8" methods="8" coveredmethods="8"/>
        <line num="13" count="24" type="stmt"/>
        <line num="15" count="24" type="stmt"/>
        <line num="16" count="24" type="stmt"/>
        <line num="17" count="24" type="stmt"/>
        <line num="18" count="24" type="stmt"/>
        <line num="19" count="24" type="stmt"/>
        <line num="20" count="24" type="stmt"/>
        <line num="22" count="24" type="stmt"/>
        <line num="23" count="3" type="stmt"/>
        <line num="24" count="3" type="stmt"/>
        <line num="28" count="3" type="stmt"/>
        <line num="32" count="3" type="stmt"/>
        <line num="36" count="3" type="stmt"/>
        <line num="37" count="3" type="stmt"/>
        <line num="38" count="3" type="stmt"/>
        <line num="39" count="3" type="stmt"/>
        <line num="40" count="3" type="stmt"/>
        <line num="42" count="3" type="stmt"/>
        <line num="45" count="24" type="stmt"/>
        <line num="46" count="1" type="stmt"/>
        <line num="48" count="24" type="stmt"/>
        <line num="49" count="1" type="stmt"/>
        <line num="50" count="1" type="stmt"/>
        <line num="53" count="1" type="stmt"/>
        <line num="56" count="1" type="stmt"/>
        <line num="57" count="1" type="stmt"/>
        <line num="59" count="24" type="stmt"/>
        <line num="60" count="3" type="cond" truecount="2" falsecount="0"/>
        <line num="61" count="1" type="stmt"/>
        <line num="63" count="2" type="stmt"/>
        <line num="67" count="24" type="cond" truecount="2" falsecount="0"/>
        <line num="91" count="24" type="stmt"/>
        <line num="99" count="24" type="cond" truecount="2" falsecount="0"/>
        <line num="100" count="3" type="stmt"/>
        <line num="106" count="21" type="stmt"/>
        <line num="115" count="12" type="stmt"/>
        <line num="120" count="12" type="cond" truecount="2" falsecount="0"/>
        <line num="121" count="10" type="stmt"/>
        <line num="130" count="2" type="stmt"/>
      </file>
      <file name="HomePage.js" path="/home/raramuri/Documents/task3-NewBranch Repo clone/groot/atul/react_tasks/src/Task2-Trello Clone/pages/HomePage.js">
        <metrics statements="29" coveredstatements="29" conditionals="4" coveredconditionals="4" methods="8" coveredmethods="8"/>
        <line num="19" count="16" type="stmt"/>
        <line num="20" count="16" type="stmt"/>
        <line num="21" count="16" type="stmt"/>
        <line num="22" count="16" type="stmt"/>
        <line num="23" count="16" type="stmt"/>
        <line num="24" count="5" type="stmt"/>
        <line num="25" count="5" type="stmt"/>
        <line num="28" count="4" type="stmt"/>
        <line num="29" count="4" type="stmt"/>
        <line num="32" count="5" type="stmt"/>
        <line num="34" count="16" type="stmt"/>
        <line num="35" count="5" type="cond" truecount="2" falsecount="0"/>
        <line num="36" count="2" type="stmt"/>
        <line num="38" count="3" type="stmt"/>
        <line num="41" count="16" type="stmt"/>
        <line num="42" count="1" type="stmt"/>
        <line num="44" count="1" type="stmt"/>
        <line num="47" count="1" type="stmt"/>
        <line num="50" count="1" type="stmt"/>
        <line num="51" count="1" type="stmt"/>
        <line num="52" count="1" type="stmt"/>
        <line num="54" count="16" type="stmt"/>
        <line num="55" count="1" type="stmt"/>
        <line num="57" count="16" type="cond" truecount="2" falsecount="0"/>
        <line num="58" count="5" type="stmt"/>
        <line num="64" count="11" type="stmt"/>
        <line num="140" count="7" type="stmt"/>
        <line num="143" count="7" type="stmt"/>
        <line num="186" count="2" type="stmt"/>
      </file>
    </package>
    <package name="src.task1-ToDoList">
      <metrics statements="31" coveredstatements="31" conditionals="6" coveredconditionals="6" methods="11" coveredmethods="11"/>
      <file name="ToDo.js" path="/home/raramuri/Documents/task3-NewBranch Repo clone/groot/atul/react_tasks/src/task1-ToDoList/ToDo.js">
        <metrics statements="31" coveredstatements="31" conditionals="6" coveredconditionals="6" methods="11" coveredmethods="11"/>
        <line num="6" count="10" type="stmt"/>
        <line num="7" count="10" type="stmt"/>
        <line num="14" count="10" type="stmt"/>
        <line num="17" count="10" type="stmt"/>
        <line num="18" count="7" type="stmt"/>
        <line num="19" count="7" type="stmt"/>
        <line num="20" count="7" type="cond" truecount="2" falsecount="0"/>
        <line num="21" count="6" type="stmt"/>
        <line num="22" count="6" type="stmt"/>
        <line num="29" count="6" type="stmt"/>
        <line num="30" count="6" type="stmt"/>
        <line num="35" count="10" type="stmt"/>
        <line num="36" count="6" type="stmt"/>
        <line num="44" count="10" type="stmt"/>
        <line num="45" count="2" type="stmt"/>
        <line num="46" count="3" type="stmt"/>
        <line num="48" count="2" type="stmt"/>
        <line num="51" count="2" type="cond" truecount="2" falsecount="0"/>
        <line num="52" count="1" type="stmt"/>
        <line num="53" count="1" type="stmt"/>
        <line num="57" count="10" type="stmt"/>
        <line num="58" count="1" type="stmt"/>
        <line num="59" count="1" type="stmt"/>
        <line num="60" count="1" type="stmt"/>
        <line num="61" count="2" type="cond" truecount="2" falsecount="0"/>
        <line num="62" count="2" type="stmt"/>
        <line num="64" count="1" type="stmt"/>
        <line num="70" count="25" type="stmt"/>
        <line num="99" count="13" type="stmt"/>
        <line num="107" count="1" type="stmt"/>
        <line num="116" count="2" type="stmt"/>
      </file>
    </package>
  </project>
</coverage>
