{"/home/raramuri/Documents/task3-NewBranch Repo clone/groot/atul/react_tasks/src/App.js": {"path":"/home/raramuri/Documents/task3-NewBranch Repo clone/groot/atul/react_tasks/src/App.js","statementMap":{"0":{"start":{"line":8,"column":2},"end":{"line":17,"column":3}}},"fnMap":{"0":{"name":"App","decl":{"start":{"line":7,"column":9},"end":{"line":7,"column":12}},"loc":{"start":{"line":7,"column":15},"end":{"line":18,"column":1}},"line":7}},"branchMap":{},"s":{"0":1},"f":{"0":1},"b":{},"_coverageSchema":"1a1c01bbd47fc00a2c39e90264f33305004495a9","hash":"33764c3e490ea791fe5b84028501f85e42e97383"}
,"/home/raramuri/Documents/task3-NewBranch Repo clone/groot/atul/react_tasks/src/Task2-Trello Clone/Main.js": {"path":"/home/raramuri/Documents/task3-NewBranch Repo clone/groot/atul/react_tasks/src/Task2-Trello Clone/Main.js","statementMap":{"0":{"start":{"line":11,"column":44},"end":{"line":11,"column":56}},"1":{"start":{"line":12,"column":2},"end":{"line":22,"column":3}}},"fnMap":{"0":{"name":"Main","decl":{"start":{"line":10,"column":9},"end":{"line":10,"column":13}},"loc":{"start":{"line":10,"column":16},"end":{"line":23,"column":1}},"line":10}},"branchMap":{},"s":{"0":1,"1":1},"f":{"0":1},"b":{},"_coverageSchema":"1a1c01bbd47fc00a2c39e90264f33305004495a9","hash":"7196f1d8f3342622ddca1aad901a73afc9fdde31"}
,"/home/raramuri/Documents/task3-NewBranch Repo clone/groot/atul/react_tasks/src/Task2-Trello Clone/components/AddCard.js": {"path":"/home/raramuri/Documents/task3-NewBranch Repo clone/groot/atul/react_tasks/src/Task2-Trello Clone/components/AddCard.js","statementMap":{"0":{"start":{"line":6,"column":22},"end":{"line":6,"column":34}},"1":{"start":{"line":7,"column":37},"end":{"line":7,"column":49}},"2":{"start":{"line":8,"column":24},"end":{"line":10,"column":3}},"3":{"start":{"line":9,"column":4},"end":{"line":9,"column":31}},"4":{"start":{"line":11,"column":21},"end":{"line":28,"column":3}},"5":{"start":{"line":12,"column":4},"end":{"line":27,"column":5}},"6":{"start":{"line":13,"column":6},"end":{"line":13,"column":24}},"7":{"start":{"line":14,"column":6},"end":{"line":24,"column":7}},"8":{"start":{"line":15,"column":8},"end":{"line":17,"column":9}},"9":{"start":{"line":18,"column":25},"end":{"line":20,"column":9}},"10":{"start":{"line":21,"column":8},"end":{"line":21,"column":38}},"11":{"start":{"line":22,"column":8},"end":{"line":22,"column":23}},"12":{"start":{"line":23,"column":8},"end":{"line":23,"column":18}},"13":{"start":{"line":26,"column":6},"end":{"line":26,"column":22}},"14":{"start":{"line":29,"column":19},"end":{"line":35,"column":3}},"15":{"start":{"line":30,"column":4},"end":{"line":34,"column":5}},"16":{"start":{"line":31,"column":6},"end":{"line":31,"column":48}},"17":{"start":{"line":33,"column":6},"end":{"line":33,"column":48}},"18":{"start":{"line":36,"column":2},"end":{"line":64,"column":3}},"19":{"start":{"line":66,"column":0},"end":{"line":70,"column":1}}},"fnMap":{"0":{"name":"AddCard","decl":{"start":{"line":5,"column":9},"end":{"line":5,"column":16}},"loc":{"start":{"line":5,"column":55},"end":{"line":65,"column":1}},"line":5},"1":{"name":"(anonymous_1)","decl":{"start":{"line":8,"column":24},"end":{"line":8,"column":25}},"loc":{"start":{"line":8,"column":31},"end":{"line":10,"column":3}},"line":8},"2":{"name":"(anonymous_2)","decl":{"start":{"line":11,"column":21},"end":{"line":11,"column":22}},"loc":{"start":{"line":11,"column":34},"end":{"line":28,"column":3}},"line":11},"3":{"name":"(anonymous_3)","decl":{"start":{"line":29,"column":19},"end":{"line":29,"column":20}},"loc":{"start":{"line":29,"column":25},"end":{"line":35,"column":3}},"line":29}},"branchMap":{"0":{"loc":{"start":{"line":14,"column":6},"end":{"line":24,"column":7}},"type":"if","locations":[{"start":{"line":14,"column":6},"end":{"line":24,"column":7}},{"start":{"line":14,"column":6},"end":{"line":24,"column":7}}],"line":14},"1":{"loc":{"start":{"line":30,"column":4},"end":{"line":34,"column":5}},"type":"if","locations":[{"start":{"line":30,"column":4},"end":{"line":34,"column":5}},{"start":{"line":30,"column":4},"end":{"line":34,"column":5}}],"line":30}},"s":{"0":16,"1":16,"2":16,"3":1,"4":16,"5":2,"6":2,"7":2,"8":1,"9":1,"10":1,"11":1,"12":1,"13":0,"14":16,"15":3,"16":1,"17":2,"18":16,"19":3},"f":{"0":16,"1":1,"2":2,"3":3},"b":{"0":[1,1],"1":[1,2]},"_coverageSchema":"1a1c01bbd47fc00a2c39e90264f33305004495a9","hash":"c0f9cb309b44458b9694bfe07b4ce8df3c7efea4"}
,"/home/raramuri/Documents/task3-NewBranch Repo clone/groot/atul/react_tasks/src/Task2-Trello Clone/components/AddList.js": {"path":"/home/raramuri/Documents/task3-NewBranch Repo clone/groot/atul/react_tasks/src/Task2-Trello Clone/components/AddList.js","statementMap":{"0":{"start":{"line":6,"column":22},"end":{"line":6,"column":34}},"1":{"start":{"line":7,"column":37},"end":{"line":7,"column":49}},"2":{"start":{"line":8,"column":24},"end":{"line":10,"column":3}},"3":{"start":{"line":9,"column":4},"end":{"line":9,"column":31}},"4":{"start":{"line":11,"column":21},"end":{"line":25,"column":3}},"5":{"start":{"line":12,"column":4},"end":{"line":24,"column":5}},"6":{"start":{"line":13,"column":6},"end":{"line":13,"column":24}},"7":{"start":{"line":14,"column":6},"end":{"line":16,"column":7}},"8":{"start":{"line":17,"column":23},"end":{"line":19,"column":7}},"9":{"start":{"line":20,"column":6},"end":{"line":20,"column":35}},"10":{"start":{"line":21,"column":6},"end":{"line":21,"column":16}},"11":{"start":{"line":23,"column":6},"end":{"line":23,"column":22}},"12":{"start":{"line":26,"column":19},"end":{"line":33,"column":3}},"13":{"start":{"line":27,"column":4},"end":{"line":32,"column":5}},"14":{"start":{"line":28,"column":6},"end":{"line":28,"column":48}},"15":{"start":{"line":29,"column":6},"end":{"line":29,"column":21}},"16":{"start":{"line":31,"column":6},"end":{"line":31,"column":48}},"17":{"start":{"line":34,"column":2},"end":{"line":64,"column":3}},"18":{"start":{"line":66,"column":0},"end":{"line":69,"column":1}}},"fnMap":{"0":{"name":"AddList","decl":{"start":{"line":5,"column":9},"end":{"line":5,"column":16}},"loc":{"start":{"line":5,"column":46},"end":{"line":65,"column":1}},"line":5},"1":{"name":"(anonymous_1)","decl":{"start":{"line":8,"column":24},"end":{"line":8,"column":25}},"loc":{"start":{"line":8,"column":31},"end":{"line":10,"column":3}},"line":8},"2":{"name":"(anonymous_2)","decl":{"start":{"line":11,"column":21},"end":{"line":11,"column":22}},"loc":{"start":{"line":11,"column":34},"end":{"line":25,"column":3}},"line":11},"3":{"name":"(anonymous_3)","decl":{"start":{"line":26,"column":19},"end":{"line":26,"column":20}},"loc":{"start":{"line":26,"column":25},"end":{"line":33,"column":3}},"line":26}},"branchMap":{"0":{"loc":{"start":{"line":27,"column":4},"end":{"line":32,"column":5}},"type":"if","locations":[{"start":{"line":27,"column":4},"end":{"line":32,"column":5}},{"start":{"line":27,"column":4},"end":{"line":32,"column":5}}],"line":27}},"s":{"0":25,"1":25,"2":25,"3":1,"4":25,"5":1,"6":1,"7":1,"8":1,"9":1,"10":1,"11":0,"12":25,"13":4,"14":2,"15":2,"16":2,"17":25,"18":3},"f":{"0":25,"1":1,"2":1,"3":4},"b":{"0":[2,2]},"_coverageSchema":"1a1c01bbd47fc00a2c39e90264f33305004495a9","hash":"ab1aed2d6888e03c08360d84ed93fd4f346d7ddf"}
,"/home/raramuri/Documents/task3-NewBranch Repo clone/groot/atul/react_tasks/src/Task2-Trello Clone/components/Card.js": {"path":"/home/raramuri/Documents/task3-NewBranch Repo clone/groot/atul/react_tasks/src/Task2-Trello Clone/components/Card.js","statementMap":{"0":{"start":{"line":10,"column":26},"end":{"line":19,"column":3}},"1":{"start":{"line":11,"column":4},"end":{"line":13,"column":5}},"2":{"start":{"line":14,"column":22},"end":{"line":16,"column":5}},"3":{"start":{"line":18,"column":4},"end":{"line":18,"column":35}},"4":{"start":{"line":21,"column":2},"end":{"line":54,"column":3}},"5":{"start":{"line":57,"column":0},"end":{"line":60,"column":1}}},"fnMap":{"0":{"name":"Card","decl":{"start":{"line":9,"column":9},"end":{"line":9,"column":13}},"loc":{"start":{"line":9,"column":42},"end":{"line":55,"column":1}},"line":9},"1":{"name":"(anonymous_1)","decl":{"start":{"line":10,"column":26},"end":{"line":10,"column":27}},"loc":{"start":{"line":10,"column":38},"end":{"line":19,"column":3}},"line":10}},"branchMap":{},"s":{"0":6,"1":1,"2":1,"3":1,"4":6,"5":2},"f":{"0":6,"1":1},"b":{},"_coverageSchema":"1a1c01bbd47fc00a2c39e90264f33305004495a9","hash":"d91ece400d525c24d31630f3cd7ace76599c59aa"}
,"/home/raramuri/Documents/task3-NewBranch Repo clone/groot/atul/react_tasks/src/Task2-Trello Clone/components/DashBoardCard.js": {"path":"/home/raramuri/Documents/task3-NewBranch Repo clone/groot/atul/react_tasks/src/Task2-Trello Clone/components/DashBoardCard.js","statementMap":{"0":{"start":{"line":9,"column":47},"end":{"line":9,"column":66}},"1":{"start":{"line":10,"column":44},"end":{"line":10,"column":59}},"2":{"start":{"line":11,"column":36},"end":{"line":11,"column":50}},"3":{"start":{"line":13,"column":21},"end":{"line":27,"column":3}},"4":{"start":{"line":14,"column":4},"end":{"line":26,"column":5}},"5":{"start":{"line":15,"column":6},"end":{"line":15,"column":28}},"6":{"start":{"line":16,"column":6},"end":{"line":18,"column":7}},"7":{"start":{"line":19,"column":23},"end":{"line":21,"column":7}},"8":{"start":{"line":22,"column":6},"end":{"line":22,"column":36}},"9":{"start":{"line":23,"column":6},"end":{"line":23,"column":29}},"10":{"start":{"line":25,"column":6},"end":{"line":25,"column":22}},"11":{"start":{"line":28,"column":21},"end":{"line":45,"column":3}},"12":{"start":{"line":29,"column":4},"end":{"line":29,"column":22}},"13":{"start":{"line":30,"column":4},"end":{"line":44,"column":5}},"14":{"start":{"line":31,"column":6},"end":{"line":31,"column":28}},"15":{"start":{"line":32,"column":6},"end":{"line":34,"column":7}},"16":{"start":{"line":36,"column":23},"end":{"line":38,"column":7}},"17":{"start":{"line":39,"column":6},"end":{"line":39,"column":29}},"18":{"start":{"line":40,"column":6},"end":{"line":40,"column":24}},"19":{"start":{"line":41,"column":6},"end":{"line":41,"column":36}},"20":{"start":{"line":43,"column":6},"end":{"line":43,"column":22}},"21":{"start":{"line":46,"column":24},"end":{"line":51,"column":3}},"22":{"start":{"line":47,"column":4},"end":{"line":50,"column":5}},"23":{"start":{"line":48,"column":6},"end":{"line":48,"column":24}},"24":{"start":{"line":49,"column":6},"end":{"line":49,"column":27}},"25":{"start":{"line":53,"column":27},"end":{"line":55,"column":3}},"26":{"start":{"line":54,"column":4},"end":{"line":54,"column":37}},"27":{"start":{"line":56,"column":19},"end":{"line":80,"column":3}},"28":{"start":{"line":63,"column":23},"end":{"line":63,"column":45}},"29":{"start":{"line":69,"column":26},"end":{"line":69,"column":51}},"30":{"start":{"line":70,"column":25},"end":{"line":70,"column":44}},"31":{"start":{"line":81,"column":2},"end":{"line":112,"column":3}},"32":{"start":{"line":88,"column":14},"end":{"line":88,"column":33}},"33":{"start":{"line":106,"column":27},"end":{"line":106,"column":46}},"34":{"start":{"line":114,"column":0},"end":{"line":118,"column":1}}},"fnMap":{"0":{"name":"DashBoardCard","decl":{"start":{"line":8,"column":9},"end":{"line":8,"column":22}},"loc":{"start":{"line":8,"column":59},"end":{"line":113,"column":1}},"line":8},"1":{"name":"(anonymous_1)","decl":{"start":{"line":13,"column":21},"end":{"line":13,"column":22}},"loc":{"start":{"line":13,"column":39},"end":{"line":27,"column":3}},"line":13},"2":{"name":"(anonymous_2)","decl":{"start":{"line":28,"column":21},"end":{"line":28,"column":22}},"loc":{"start":{"line":28,"column":42},"end":{"line":45,"column":3}},"line":28},"3":{"name":"(anonymous_3)","decl":{"start":{"line":46,"column":24},"end":{"line":46,"column":25}},"loc":{"start":{"line":46,"column":39},"end":{"line":51,"column":3}},"line":46},"4":{"name":"(anonymous_4)","decl":{"start":{"line":53,"column":27},"end":{"line":53,"column":28}},"loc":{"start":{"line":53,"column":34},"end":{"line":55,"column":3}},"line":53},"5":{"name":"(anonymous_5)","decl":{"start":{"line":63,"column":16},"end":{"line":63,"column":17}},"loc":{"start":{"line":63,"column":23},"end":{"line":63,"column":45}},"line":63},"6":{"name":"(anonymous_6)","decl":{"start":{"line":69,"column":19},"end":{"line":69,"column":20}},"loc":{"start":{"line":69,"column":26},"end":{"line":69,"column":51}},"line":69},"7":{"name":"(anonymous_7)","decl":{"start":{"line":70,"column":18},"end":{"line":70,"column":19}},"loc":{"start":{"line":70,"column":25},"end":{"line":70,"column":44}},"line":70},"8":{"name":"(anonymous_8)","decl":{"start":{"line":87,"column":21},"end":{"line":87,"column":22}},"loc":{"start":{"line":87,"column":27},"end":{"line":89,"column":13}},"line":87},"9":{"name":"(anonymous_9)","decl":{"start":{"line":106,"column":21},"end":{"line":106,"column":22}},"loc":{"start":{"line":106,"column":27},"end":{"line":106,"column":46}},"line":106}},"branchMap":{"0":{"loc":{"start":{"line":47,"column":4},"end":{"line":50,"column":5}},"type":"if","locations":[{"start":{"line":47,"column":4},"end":{"line":50,"column":5}},{"start":{"line":47,"column":4},"end":{"line":50,"column":5}}],"line":47},"1":{"loc":{"start":{"line":56,"column":19},"end":{"line":80,"column":3}},"type":"cond-expr","locations":[{"start":{"line":57,"column":4},"end":{"line":57,"column":52}},{"start":{"line":59,"column":4},"end":{"line":79,"column":11}}],"line":56},"2":{"loc":{"start":{"line":91,"column":13},"end":{"line":101,"column":13}},"type":"cond-expr","locations":[{"start":{"line":92,"column":14},"end":{"line":98,"column":20}},{"start":{"line":100,"column":14},"end":{"line":100,"column":22}}],"line":91}},"s":{"0":28,"1":28,"2":28,"3":28,"4":1,"5":1,"6":1,"7":1,"8":1,"9":1,"10":0,"11":28,"12":2,"13":2,"14":2,"15":2,"16":2,"17":2,"18":2,"19":2,"20":0,"21":28,"22":2,"23":1,"24":1,"25":28,"26":3,"27":28,"28":1,"29":2,"30":3,"31":28,"32":4,"33":1,"34":3},"f":{"0":28,"1":1,"2":2,"3":2,"4":3,"5":1,"6":2,"7":3,"8":4,"9":1},"b":{"0":[1,1],"1":[18,10],"2":[3,25]},"_coverageSchema":"1a1c01bbd47fc00a2c39e90264f33305004495a9","hash":"e5d657c1ac2c2e7d2c29366ddc141572736c7126"}
,"/home/raramuri/Documents/task3-NewBranch Repo clone/groot/atul/react_tasks/src/Task2-Trello Clone/components/DashBoardLists.js": {"path":"/home/raramuri/Documents/task3-NewBranch Repo clone/groot/atul/react_tasks/src/Task2-Trello Clone/components/DashBoardLists.js","statementMap":{"0":{"start":{"line":7,"column":48},"end":{"line":7,"column":67}},"1":{"start":{"line":9,"column":44},"end":{"line":9,"column":59}},"2":{"start":{"line":11,"column":28},"end":{"line":13,"column":3}},"3":{"start":{"line":12,"column":4},"end":{"line":12,"column":38}},"4":{"start":{"line":14,"column":25},"end":{"line":29,"column":3}},"5":{"start":{"line":15,"column":4},"end":{"line":15,"column":22}},"6":{"start":{"line":16,"column":4},"end":{"line":28,"column":5}},"7":{"start":{"line":17,"column":6},"end":{"line":17,"column":28}},"8":{"start":{"line":18,"column":6},"end":{"line":20,"column":7}},"9":{"start":{"line":21,"column":23},"end":{"line":23,"column":7}},"10":{"start":{"line":24,"column":6},"end":{"line":24,"column":35}},"11":{"start":{"line":25,"column":6},"end":{"line":25,"column":29}},"12":{"start":{"line":27,"column":6},"end":{"line":27,"column":22}},"13":{"start":{"line":30,"column":22},"end":{"line":42,"column":3}},"14":{"start":{"line":31,"column":4},"end":{"line":41,"column":5}},"15":{"start":{"line":32,"column":6},"end":{"line":34,"column":7}},"16":{"start":{"line":35,"column":23},"end":{"line":37,"column":7}},"17":{"start":{"line":38,"column":6},"end":{"line":38,"column":35}},"18":{"start":{"line":40,"column":6},"end":{"line":40,"column":22}},"19":{"start":{"line":43,"column":21},"end":{"line":60,"column":3}},"20":{"start":{"line":57,"column":8},"end":{"line":57,"column":28}},"21":{"start":{"line":61,"column":2},"end":{"line":85,"column":3}},"22":{"start":{"line":66,"column":12},"end":{"line":66,"column":38}},"23":{"start":{"line":80,"column":25},"end":{"line":80,"column":45}},"24":{"start":{"line":87,"column":0},"end":{"line":90,"column":1}}},"fnMap":{"0":{"name":"DashBoardLists","decl":{"start":{"line":6,"column":9},"end":{"line":6,"column":23}},"loc":{"start":{"line":6,"column":50},"end":{"line":86,"column":1}},"line":6},"1":{"name":"(anonymous_1)","decl":{"start":{"line":11,"column":28},"end":{"line":11,"column":29}},"loc":{"start":{"line":11,"column":35},"end":{"line":13,"column":3}},"line":11},"2":{"name":"(anonymous_2)","decl":{"start":{"line":14,"column":25},"end":{"line":14,"column":26}},"loc":{"start":{"line":14,"column":46},"end":{"line":29,"column":3}},"line":14},"3":{"name":"(anonymous_3)","decl":{"start":{"line":30,"column":22},"end":{"line":30,"column":23}},"loc":{"start":{"line":30,"column":40},"end":{"line":42,"column":3}},"line":30},"4":{"name":"(anonymous_4)","decl":{"start":{"line":56,"column":16},"end":{"line":56,"column":17}},"loc":{"start":{"line":56,"column":23},"end":{"line":58,"column":7}},"line":56},"5":{"name":"(anonymous_5)","decl":{"start":{"line":65,"column":20},"end":{"line":65,"column":21}},"loc":{"start":{"line":65,"column":27},"end":{"line":67,"column":11}},"line":65},"6":{"name":"(anonymous_6)","decl":{"start":{"line":80,"column":19},"end":{"line":80,"column":20}},"loc":{"start":{"line":80,"column":25},"end":{"line":80,"column":45}},"line":80}},"branchMap":{"0":{"loc":{"start":{"line":43,"column":21},"end":{"line":60,"column":3}},"type":"cond-expr","locations":[{"start":{"line":44,"column":4},"end":{"line":50,"column":10}},{"start":{"line":52,"column":4},"end":{"line":59,"column":6}}],"line":43}},"s":{"0":17,"1":17,"2":17,"3":1,"4":17,"5":1,"6":1,"7":1,"8":1,"9":1,"10":1,"11":1,"12":0,"13":17,"14":1,"15":1,"16":1,"17":1,"18":0,"19":17,"20":1,"21":17,"22":1,"23":1,"24":3},"f":{"0":17,"1":1,"2":1,"3":1,"4":1,"5":1,"6":1},"b":{"0":[1,16]},"_coverageSchema":"1a1c01bbd47fc00a2c39e90264f33305004495a9","hash":"1f5aaf7b690a2a0fbfa78c368f9d857637cc9678"}
,"/home/raramuri/Documents/task3-NewBranch Repo clone/groot/atul/react_tasks/src/Task2-Trello Clone/components/NavBar.js": {"path":"/home/raramuri/Documents/task3-NewBranch Repo clone/groot/atul/react_tasks/src/Task2-Trello Clone/components/NavBar.js","statementMap":{"0":{"start":{"line":13,"column":18},"end":{"line":13,"column":30}},"1":{"start":{"line":15,"column":4},"end":{"line":15,"column":21}},"2":{"start":{"line":17,"column":23},"end":{"line":19,"column":3}},"3":{"start":{"line":18,"column":4},"end":{"line":18,"column":36}},"4":{"start":{"line":20,"column":2},"end":{"line":61,"column":3}},"5":{"start":{"line":39,"column":29},"end":{"line":39,"column":44}},"6":{"start":{"line":63,"column":0},"end":{"line":66,"column":1}}},"fnMap":{"0":{"name":"NavBar","decl":{"start":{"line":12,"column":9},"end":{"line":12,"column":15}},"loc":{"start":{"line":12,"column":53},"end":{"line":62,"column":1}},"line":12},"1":{"name":"handleClick","decl":{"start":{"line":14,"column":11},"end":{"line":14,"column":22}},"loc":{"start":{"line":14,"column":25},"end":{"line":16,"column":3}},"line":14},"2":{"name":"(anonymous_2)","decl":{"start":{"line":17,"column":23},"end":{"line":17,"column":24}},"loc":{"start":{"line":17,"column":36},"end":{"line":19,"column":3}},"line":17},"3":{"name":"(anonymous_3)","decl":{"start":{"line":39,"column":22},"end":{"line":39,"column":23}},"loc":{"start":{"line":39,"column":29},"end":{"line":39,"column":44}},"line":39}},"branchMap":{},"s":{"0":3,"1":1,"2":3,"3":1,"4":3,"5":1,"6":2},"f":{"0":3,"1":1,"2":1,"3":1},"b":{},"_coverageSchema":"1a1c01bbd47fc00a2c39e90264f33305004495a9","hash":"dbe19bd749ab8850c1a69d1bf86aa9f448f248fb"}
,"/home/raramuri/Documents/task3-NewBranch Repo clone/groot/atul/react_tasks/src/Task2-Trello Clone/pages/Dashboard.js": {"path":"/home/raramuri/Documents/task3-NewBranch Repo clone/groot/atul/react_tasks/src/Task2-Trello Clone/pages/Dashboard.js","statementMap":{"0":{"start":{"line":13,"column":22},"end":{"line":13,"column":33}},"1":{"start":{"line":15,"column":39},"end":{"line":15,"column":51}},"2":{"start":{"line":16,"column":44},"end":{"line":16,"column":56}},"3":{"start":{"line":17,"column":50},"end":{"line":17,"column":62}},"4":{"start":{"line":18,"column":52},"end":{"line":18,"column":64}},"5":{"start":{"line":19,"column":32},"end":{"line":19,"column":46}},"6":{"start":{"line":20,"column":41},"end":{"line":20,"column":56}},"7":{"start":{"line":22,"column":2},"end":{"line":47,"column":8}},"8":{"start":{"line":23,"column":4},"end":{"line":46,"column":5}},"9":{"start":{"line":24,"column":24},"end":{"line":42,"column":7}},"10":{"start":{"line":25,"column":25},"end":{"line":27,"column":9}},"11":{"start":{"line":29,"column":25},"end":{"line":31,"column":9}},"12":{"start":{"line":33,"column":36},"end":{"line":35,"column":9}},"13":{"start":{"line":37,"column":8},"end":{"line":37,"column":25}},"14":{"start":{"line":38,"column":8},"end":{"line":38,"column":58}},"15":{"start":{"line":39,"column":8},"end":{"line":39,"column":38}},"16":{"start":{"line":40,"column":8},"end":{"line":40,"column":37}},"17":{"start":{"line":41,"column":8},"end":{"line":41,"column":55}},"18":{"start":{"line":43,"column":6},"end":{"line":43,"column":17}},"19":{"start":{"line":45,"column":6},"end":{"line":45,"column":22}},"20":{"start":{"line":49,"column":26},"end":{"line":51,"column":3}},"21":{"start":{"line":50,"column":4},"end":{"line":50,"column":39}},"22":{"start":{"line":52,"column":26},"end":{"line":66,"column":3}},"23":{"start":{"line":53,"column":4},"end":{"line":53,"column":22}},"24":{"start":{"line":54,"column":4},"end":{"line":65,"column":5}},"25":{"start":{"line":55,"column":6},"end":{"line":57,"column":7}},"26":{"start":{"line":58,"column":34},"end":{"line":60,"column":7}},"27":{"start":{"line":61,"column":6},"end":{"line":61,"column":56}},"28":{"start":{"line":62,"column":6},"end":{"line":62,"column":25}},"29":{"start":{"line":64,"column":6},"end":{"line":64,"column":22}},"30":{"start":{"line":67,"column":27},"end":{"line":73,"column":3}},"31":{"start":{"line":68,"column":4},"end":{"line":72,"column":5}},"32":{"start":{"line":69,"column":6},"end":{"line":69,"column":25}},"33":{"start":{"line":71,"column":6},"end":{"line":71,"column":24}},"34":{"start":{"line":75,"column":20},"end":{"line":98,"column":3}},"35":{"start":{"line":99,"column":24},"end":{"line":105,"column":3}},"36":{"start":{"line":107,"column":2},"end":{"line":122,"column":3}},"37":{"start":{"line":108,"column":4},"end":{"line":121,"column":5}},"38":{"start":{"line":123,"column":2},"end":{"line":165,"column":3}},"39":{"start":{"line":132,"column":10},"end":{"line":160,"column":11}},"40":{"start":{"line":137,"column":18},"end":{"line":148,"column":19}},"41":{"start":{"line":138,"column":20},"end":{"line":145,"column":21}},"42":{"start":{"line":147,"column":20},"end":{"line":147,"column":55}}},"fnMap":{"0":{"name":"Dashboard","decl":{"start":{"line":12,"column":9},"end":{"line":12,"column":18}},"loc":{"start":{"line":12,"column":21},"end":{"line":166,"column":1}},"line":12},"1":{"name":"(anonymous_1)","decl":{"start":{"line":22,"column":12},"end":{"line":22,"column":13}},"loc":{"start":{"line":22,"column":18},"end":{"line":47,"column":3}},"line":22},"2":{"name":"(anonymous_2)","decl":{"start":{"line":24,"column":24},"end":{"line":24,"column":25}},"loc":{"start":{"line":24,"column":36},"end":{"line":42,"column":7}},"line":24},"3":{"name":"(anonymous_3)","decl":{"start":{"line":49,"column":26},"end":{"line":49,"column":27}},"loc":{"start":{"line":49,"column":33},"end":{"line":51,"column":3}},"line":49},"4":{"name":"(anonymous_4)","decl":{"start":{"line":52,"column":26},"end":{"line":52,"column":27}},"loc":{"start":{"line":52,"column":39},"end":{"line":66,"column":3}},"line":52},"5":{"name":"(anonymous_5)","decl":{"start":{"line":67,"column":27},"end":{"line":67,"column":28}},"loc":{"start":{"line":67,"column":33},"end":{"line":73,"column":3}},"line":67},"6":{"name":"(anonymous_6)","decl":{"start":{"line":131,"column":24},"end":{"line":131,"column":25}},"loc":{"start":{"line":131,"column":33},"end":{"line":161,"column":9}},"line":131},"7":{"name":"(anonymous_7)","decl":{"start":{"line":136,"column":36},"end":{"line":136,"column":37}},"loc":{"start":{"line":136,"column":49},"end":{"line":149,"column":17}},"line":136}},"branchMap":{"0":{"loc":{"start":{"line":68,"column":4},"end":{"line":72,"column":5}},"type":"if","locations":[{"start":{"line":68,"column":4},"end":{"line":72,"column":5}},{"start":{"line":68,"column":4},"end":{"line":72,"column":5}}],"line":68},"1":{"loc":{"start":{"line":75,"column":20},"end":{"line":98,"column":3}},"type":"cond-expr","locations":[{"start":{"line":76,"column":4},"end":{"line":93,"column":10}},{"start":{"line":95,"column":4},"end":{"line":97,"column":10}}],"line":75},"2":{"loc":{"start":{"line":107,"column":2},"end":{"line":122,"column":3}},"type":"if","locations":[{"start":{"line":107,"column":2},"end":{"line":122,"column":3}},{"start":{"line":107,"column":2},"end":{"line":122,"column":3}}],"line":107},"3":{"loc":{"start":{"line":137,"column":18},"end":{"line":148,"column":19}},"type":"if","locations":[{"start":{"line":137,"column":18},"end":{"line":148,"column":19}},{"start":{"line":137,"column":18},"end":{"line":148,"column":19}}],"line":137}},"s":{"0":24,"1":24,"2":24,"3":24,"4":24,"5":24,"6":24,"7":24,"8":3,"9":3,"10":3,"11":3,"12":3,"13":3,"14":3,"15":3,"16":3,"17":3,"18":3,"19":0,"20":24,"21":1,"22":24,"23":1,"24":1,"25":1,"26":1,"27":1,"28":1,"29":0,"30":24,"31":3,"32":1,"33":2,"34":24,"35":24,"36":24,"37":3,"38":21,"39":12,"40":12,"41":10,"42":2},"f":{"0":24,"1":3,"2":3,"3":1,"4":1,"5":3,"6":12,"7":12},"b":{"0":[1,2],"1":[4,20],"2":[3,21],"3":[10,2]},"_coverageSchema":"1a1c01bbd47fc00a2c39e90264f33305004495a9","hash":"d7d2b97af7448a0e3f35380f1c3a079def9ac21b"}
,"/home/raramuri/Documents/task3-NewBranch Repo clone/groot/atul/react_tasks/src/Task2-Trello Clone/pages/HomePage.js": {"path":"/home/raramuri/Documents/task3-NewBranch Repo clone/groot/atul/react_tasks/src/Task2-Trello Clone/pages/HomePage.js","statementMap":{"0":{"start":{"line":18,"column":42},"end":{"line":18,"column":54}},"1":{"start":{"line":19,"column":39},"end":{"line":19,"column":51}},"2":{"start":{"line":20,"column":37},"end":{"line":20,"column":51}},"3":{"start":{"line":21,"column":22},"end":{"line":21,"column":34}},"4":{"start":{"line":22,"column":2},"end":{"line":36,"column":8}},"5":{"start":{"line":23,"column":4},"end":{"line":35,"column":5}},"6":{"start":{"line":24,"column":20},"end":{"line":30,"column":7}},"7":{"start":{"line":25,"column":32},"end":{"line":27,"column":9}},"8":{"start":{"line":28,"column":8},"end":{"line":28,"column":30}},"9":{"start":{"line":29,"column":8},"end":{"line":29,"column":45}},"10":{"start":{"line":32,"column":6},"end":{"line":32,"column":13}},"11":{"start":{"line":34,"column":6},"end":{"line":34,"column":22}},"12":{"start":{"line":37,"column":19},"end":{"line":43,"column":3}},"13":{"start":{"line":38,"column":4},"end":{"line":42,"column":5}},"14":{"start":{"line":39,"column":6},"end":{"line":39,"column":48}},"15":{"start":{"line":41,"column":6},"end":{"line":41,"column":49}},"16":{"start":{"line":44,"column":25},"end":{"line":59,"column":3}},"17":{"start":{"line":45,"column":4},"end":{"line":45,"column":22}},"18":{"start":{"line":46,"column":4},"end":{"line":58,"column":5}},"19":{"start":{"line":47,"column":6},"end":{"line":49,"column":7}},"20":{"start":{"line":50,"column":28},"end":{"line":52,"column":7}},"21":{"start":{"line":53,"column":6},"end":{"line":53,"column":22}},"22":{"start":{"line":54,"column":6},"end":{"line":54,"column":41}},"23":{"start":{"line":55,"column":6},"end":{"line":55,"column":16}},"24":{"start":{"line":57,"column":6},"end":{"line":57,"column":22}},"25":{"start":{"line":60,"column":26},"end":{"line":62,"column":3}},"26":{"start":{"line":61,"column":4},"end":{"line":61,"column":32}},"27":{"start":{"line":63,"column":2},"end":{"line":78,"column":3}},"28":{"start":{"line":64,"column":4},"end":{"line":77,"column":5}},"29":{"start":{"line":79,"column":2},"end":{"line":199,"column":3}},"30":{"start":{"line":155,"column":16},"end":{"line":155,"column":76}},"31":{"start":{"line":158,"column":16},"end":{"line":165,"column":17}},"32":{"start":{"line":201,"column":0},"end":{"line":203,"column":1}}},"fnMap":{"0":{"name":"HomePage","decl":{"start":{"line":17,"column":9},"end":{"line":17,"column":17}},"loc":{"start":{"line":17,"column":37},"end":{"line":200,"column":1}},"line":17},"1":{"name":"(anonymous_1)","decl":{"start":{"line":22,"column":12},"end":{"line":22,"column":13}},"loc":{"start":{"line":22,"column":18},"end":{"line":36,"column":3}},"line":22},"2":{"name":"(anonymous_2)","decl":{"start":{"line":24,"column":20},"end":{"line":24,"column":21}},"loc":{"start":{"line":24,"column":32},"end":{"line":30,"column":7}},"line":24},"3":{"name":"(anonymous_3)","decl":{"start":{"line":37,"column":19},"end":{"line":37,"column":20}},"loc":{"start":{"line":37,"column":25},"end":{"line":43,"column":3}},"line":37},"4":{"name":"(anonymous_4)","decl":{"start":{"line":44,"column":25},"end":{"line":44,"column":26}},"loc":{"start":{"line":44,"column":38},"end":{"line":59,"column":3}},"line":44},"5":{"name":"(anonymous_5)","decl":{"start":{"line":60,"column":26},"end":{"line":60,"column":27}},"loc":{"start":{"line":60,"column":33},"end":{"line":62,"column":3}},"line":60},"6":{"name":"(anonymous_6)","decl":{"start":{"line":154,"column":22},"end":{"line":154,"column":23}},"loc":{"start":{"line":155,"column":16},"end":{"line":155,"column":76}},"line":155},"7":{"name":"(anonymous_7)","decl":{"start":{"line":157,"column":19},"end":{"line":157,"column":20}},"loc":{"start":{"line":157,"column":28},"end":{"line":166,"column":15}},"line":157}},"branchMap":{"0":{"loc":{"start":{"line":38,"column":4},"end":{"line":42,"column":5}},"type":"if","locations":[{"start":{"line":38,"column":4},"end":{"line":42,"column":5}},{"start":{"line":38,"column":4},"end":{"line":42,"column":5}}],"line":38},"1":{"loc":{"start":{"line":63,"column":2},"end":{"line":78,"column":3}},"type":"if","locations":[{"start":{"line":63,"column":2},"end":{"line":78,"column":3}},{"start":{"line":63,"column":2},"end":{"line":78,"column":3}}],"line":63}},"s":{"0":16,"1":16,"2":16,"3":16,"4":16,"5":5,"6":5,"7":5,"8":4,"9":4,"10":5,"11":0,"12":16,"13":5,"14":2,"15":3,"16":16,"17":1,"18":1,"19":1,"20":1,"21":1,"22":1,"23":1,"24":0,"25":16,"26":1,"27":16,"28":5,"29":11,"30":7,"31":7,"32":2},"f":{"0":16,"1":5,"2":5,"3":5,"4":1,"5":1,"6":7,"7":7},"b":{"0":[2,3],"1":[5,11]},"_coverageSchema":"1a1c01bbd47fc00a2c39e90264f33305004495a9","hash":"ebdfe235de6ba742c60f184e8584c912d90347d3"}
,"/home/raramuri/Documents/task3-NewBranch Repo clone/groot/atul/react_tasks/src/task1-ToDoList/ToDo.js": {"path":"/home/raramuri/Documents/task3-NewBranch Repo clone/groot/atul/react_tasks/src/task1-ToDoList/ToDo.js","statementMap":{"0":{"start":{"line":6,"column":4},"end":{"line":6,"column":11}},"1":{"start":{"line":7,"column":4},"end":{"line":13,"column":5}},"2":{"start":{"line":14,"column":4},"end":{"line":14,"column":42}},"3":{"start":{"line":17,"column":13},"end":{"line":33,"column":3}},"4":{"start":{"line":18,"column":4},"end":{"line":18,"column":22}},"5":{"start":{"line":19,"column":20},"end":{"line":19,"column":42}},"6":{"start":{"line":20,"column":4},"end":{"line":32,"column":5}},"7":{"start":{"line":21,"column":20},"end":{"line":21,"column":54}},"8":{"start":{"line":22,"column":6},"end":{"line":28,"column":8}},"9":{"start":{"line":29,"column":6},"end":{"line":29,"column":68}},"10":{"start":{"line":30,"column":6},"end":{"line":31,"column":44}},"11":{"start":{"line":35,"column":22},"end":{"line":42,"column":3}},"12":{"start":{"line":36,"column":4},"end":{"line":41,"column":6}},"13":{"start":{"line":44,"column":15},"end":{"line":55,"column":3}},"14":{"start":{"line":45,"column":26},"end":{"line":47,"column":5}},"15":{"start":{"line":46,"column":16},"end":{"line":46,"column":32}},"16":{"start":{"line":48,"column":4},"end":{"line":50,"column":6}},"17":{"start":{"line":51,"column":4},"end":{"line":54,"column":5}},"18":{"start":{"line":52,"column":6},"end":{"line":52,"column":66}},"19":{"start":{"line":53,"column":6},"end":{"line":53,"column":79}},"20":{"start":{"line":57,"column":20},"end":{"line":67,"column":3}},"21":{"start":{"line":58,"column":4},"end":{"line":58,"column":48}},"22":{"start":{"line":59,"column":18},"end":{"line":59,"column":38}},"23":{"start":{"line":60,"column":4},"end":{"line":63,"column":6}},"24":{"start":{"line":61,"column":6},"end":{"line":61,"column":69}},"25":{"start":{"line":62,"column":6},"end":{"line":62,"column":17}},"26":{"start":{"line":64,"column":4},"end":{"line":66,"column":6}},"27":{"start":{"line":70,"column":4},"end":{"line":126,"column":5}},"28":{"start":{"line":99,"column":14},"end":{"line":121,"column":19}},"29":{"start":{"line":107,"column":22},"end":{"line":107,"column":54}},"30":{"start":{"line":116,"column":20},"end":{"line":116,"column":44}}},"fnMap":{"0":{"name":"(anonymous_0)","decl":{"start":{"line":5,"column":2},"end":{"line":5,"column":3}},"loc":{"start":{"line":5,"column":16},"end":{"line":15,"column":3}},"line":5},"1":{"name":"(anonymous_1)","decl":{"start":{"line":17,"column":13},"end":{"line":17,"column":14}},"loc":{"start":{"line":17,"column":20},"end":{"line":33,"column":3}},"line":17},"2":{"name":"(anonymous_2)","decl":{"start":{"line":35,"column":22},"end":{"line":35,"column":23}},"loc":{"start":{"line":35,"column":29},"end":{"line":42,"column":3}},"line":35},"3":{"name":"(anonymous_3)","decl":{"start":{"line":44,"column":15},"end":{"line":44,"column":16}},"loc":{"start":{"line":44,"column":24},"end":{"line":55,"column":3}},"line":44},"4":{"name":"(anonymous_4)","decl":{"start":{"line":46,"column":6},"end":{"line":46,"column":7}},"loc":{"start":{"line":46,"column":16},"end":{"line":46,"column":32}},"line":46},"5":{"name":"(anonymous_5)","decl":{"start":{"line":57,"column":20},"end":{"line":57,"column":21}},"loc":{"start":{"line":57,"column":36},"end":{"line":67,"column":3}},"line":57},"6":{"name":"(anonymous_6)","decl":{"start":{"line":60,"column":14},"end":{"line":60,"column":15}},"loc":{"start":{"line":60,"column":24},"end":{"line":63,"column":5}},"line":60},"7":{"name":"(anonymous_7)","decl":{"start":{"line":69,"column":2},"end":{"line":69,"column":3}},"loc":{"start":{"line":69,"column":11},"end":{"line":127,"column":3}},"line":69},"8":{"name":"(anonymous_8)","decl":{"start":{"line":98,"column":38},"end":{"line":98,"column":39}},"loc":{"start":{"line":99,"column":14},"end":{"line":121,"column":19}},"line":99},"9":{"name":"(anonymous_9)","decl":{"start":{"line":106,"column":30},"end":{"line":106,"column":31}},"loc":{"start":{"line":106,"column":37},"end":{"line":108,"column":21}},"line":106},"10":{"name":"(anonymous_10)","decl":{"start":{"line":115,"column":27},"end":{"line":115,"column":28}},"loc":{"start":{"line":115,"column":33},"end":{"line":117,"column":19}},"line":115}},"branchMap":{"0":{"loc":{"start":{"line":20,"column":4},"end":{"line":32,"column":5}},"type":"if","locations":[{"start":{"line":20,"column":4},"end":{"line":32,"column":5}},{"start":{"line":20,"column":4},"end":{"line":32,"column":5}}],"line":20},"1":{"loc":{"start":{"line":51,"column":4},"end":{"line":54,"column":5}},"type":"if","locations":[{"start":{"line":51,"column":4},"end":{"line":54,"column":5}},{"start":{"line":51,"column":4},"end":{"line":54,"column":5}}],"line":51},"2":{"loc":{"start":{"line":61,"column":19},"end":{"line":61,"column":69}},"type":"cond-expr","locations":[{"start":{"line":61,"column":38},"end":{"line":61,"column":56}},{"start":{"line":61,"column":59},"end":{"line":61,"column":69}}],"line":61}},"s":{"0":10,"1":10,"2":10,"3":10,"4":7,"5":7,"6":7,"7":6,"8":6,"9":6,"10":6,"11":10,"12":6,"13":10,"14":2,"15":3,"16":2,"17":2,"18":1,"19":1,"20":10,"21":1,"22":1,"23":1,"24":2,"25":2,"26":1,"27":25,"28":13,"29":1,"30":2},"f":{"0":10,"1":7,"2":6,"3":2,"4":3,"5":1,"6":2,"7":25,"8":13,"9":1,"10":2},"b":{"0":[6,1],"1":[1,1],"2":[1,1]},"_coverageSchema":"1a1c01bbd47fc00a2c39e90264f33305004495a9","hash":"3bb6fa5922e062f27abbd0d6d9b0deba18a1348a"}
}
