{"/home/raramuri/Documents/task3-NewBranch Repo clone/groot/atul/react_tasks/src/App.js": {"path":"/home/raramuri/Documents/task3-NewBranch Repo clone/groot/atul/react_tasks/src/App.js","statementMap":{"0":{"start":{"line":8,"column":2},"end":{"line":17,"column":3}}},"fnMap":{"0":{"name":"App","decl":{"start":{"line":7,"column":9},"end":{"line":7,"column":12}},"loc":{"start":{"line":7,"column":15},"end":{"line":18,"column":1}},"line":7}},"branchMap":{},"s":{"0":1},"f":{"0":1},"b":{},"_coverageSchema":"1a1c01bbd47fc00a2c39e90264f33305004495a9","hash":"33764c3e490ea791fe5b84028501f85e42e97383"}
,"/home/raramuri/Documents/task3-NewBranch Repo clone/groot/atul/react_tasks/src/Task2-Trello Clone/Main.js": {"path":"/home/raramuri/Documents/task3-NewBranch Repo clone/groot/atul/react_tasks/src/Task2-Trello Clone/Main.js","statementMap":{"0":{"start":{"line":11,"column":44},"end":{"line":11,"column":56}},"1":{"start":{"line":12,"column":2},"end":{"line":22,"column":3}}},"fnMap":{"0":{"name":"Main","decl":{"start":{"line":10,"column":9},"end":{"line":10,"column":13}},"loc":{"start":{"line":10,"column":16},"end":{"line":23,"column":1}},"line":10}},"branchMap":{},"s":{"0":1,"1":1},"f":{"0":1},"b":{},"_coverageSchema":"1a1c01bbd47fc00a2c39e90264f33305004495a9","hash":"7196f1d8f3342622ddca1aad901a73afc9fdde31"}
,"/home/raramuri/Documents/task3-NewBranch Repo clone/groot/atul/react_tasks/src/Task2-Trello Clone/components/AddCard.js": {"path":"/home/raramuri/Documents/task3-NewBranch Repo clone/groot/atul/react_tasks/src/Task2-Trello Clone/components/AddCard.js","statementMap":{"0":{"start":{"line":7,"column":22},"end":{"line":7,"column":34}},"1":{"start":{"line":8,"column":37},"end":{"line":8,"column":49}},"2":{"start":{"line":9,"column":24},"end":{"line":11,"column":3}},"3":{"start":{"line":10,"column":4},"end":{"line":10,"column":31}},"4":{"start":{"line":12,"column":21},"end":{"line":25,"column":3}},"5":{"start":{"line":13,"column":4},"end":{"line":13,"column":22}},"6":{"start":{"line":14,"column":4},"end":{"line":24,"column":5}},"7":{"start":{"line":15,"column":6},"end":{"line":17,"column":7}},"8":{"start":{"line":18,"column":23},"end":{"line":20,"column":7}},"9":{"start":{"line":21,"column":6},"end":{"line":21,"column":36}},"10":{"start":{"line":22,"column":6},"end":{"line":22,"column":21}},"11":{"start":{"line":23,"column":6},"end":{"line":23,"column":16}},"12":{"start":{"line":26,"column":19},"end":{"line":32,"column":3}},"13":{"start":{"line":27,"column":4},"end":{"line":31,"column":5}},"14":{"start":{"line":28,"column":6},"end":{"line":28,"column":48}},"15":{"start":{"line":30,"column":6},"end":{"line":30,"column":48}},"16":{"start":{"line":33,"column":2},"end":{"line":61,"column":3}},"17":{"start":{"line":63,"column":0},"end":{"line":67,"column":1}}},"fnMap":{"0":{"name":"AddCard","decl":{"start":{"line":6,"column":9},"end":{"line":6,"column":16}},"loc":{"start":{"line":6,"column":55},"end":{"line":62,"column":1}},"line":6},"1":{"name":"(anonymous_1)","decl":{"start":{"line":9,"column":24},"end":{"line":9,"column":25}},"loc":{"start":{"line":9,"column":31},"end":{"line":11,"column":3}},"line":9},"2":{"name":"(anonymous_2)","decl":{"start":{"line":12,"column":21},"end":{"line":12,"column":22}},"loc":{"start":{"line":12,"column":34},"end":{"line":25,"column":3}},"line":12},"3":{"name":"(anonymous_3)","decl":{"start":{"line":26,"column":19},"end":{"line":26,"column":20}},"loc":{"start":{"line":26,"column":25},"end":{"line":32,"column":3}},"line":26}},"branchMap":{"0":{"loc":{"start":{"line":14,"column":4},"end":{"line":24,"column":5}},"type":"if","locations":[{"start":{"line":14,"column":4},"end":{"line":24,"column":5}},{"start":{"line":14,"column":4},"end":{"line":24,"column":5}}],"line":14},"1":{"loc":{"start":{"line":27,"column":4},"end":{"line":31,"column":5}},"type":"if","locations":[{"start":{"line":27,"column":4},"end":{"line":31,"column":5}},{"start":{"line":27,"column":4},"end":{"line":31,"column":5}}],"line":27}},"s":{"0":16,"1":16,"2":16,"3":1,"4":16,"5":2,"6":2,"7":1,"8":1,"9":1,"10":1,"11":1,"12":16,"13":3,"14":1,"15":2,"16":16,"17":3},"f":{"0":16,"1":1,"2":2,"3":3},"b":{"0":[1,1],"1":[1,2]},"_coverageSchema":"1a1c01bbd47fc00a2c39e90264f33305004495a9","hash":"9637066469919d9970a619dc351fea3b530ae19b"}
,"/home/raramuri/Documents/task3-NewBranch Repo clone/groot/atul/react_tasks/src/Task2-Trello Clone/components/AddList.js": {"path":"/home/raramuri/Documents/task3-NewBranch Repo clone/groot/atul/react_tasks/src/Task2-Trello Clone/components/AddList.js","statementMap":{"0":{"start":{"line":7,"column":22},"end":{"line":7,"column":34}},"1":{"start":{"line":8,"column":37},"end":{"line":8,"column":49}},"2":{"start":{"line":9,"column":24},"end":{"line":11,"column":3}},"3":{"start":{"line":10,"column":4},"end":{"line":10,"column":31}},"4":{"start":{"line":12,"column":21},"end":{"line":22,"column":3}},"5":{"start":{"line":13,"column":4},"end":{"line":13,"column":22}},"6":{"start":{"line":14,"column":4},"end":{"line":16,"column":5}},"7":{"start":{"line":17,"column":21},"end":{"line":19,"column":5}},"8":{"start":{"line":20,"column":4},"end":{"line":20,"column":33}},"9":{"start":{"line":21,"column":4},"end":{"line":21,"column":14}},"10":{"start":{"line":23,"column":19},"end":{"line":30,"column":3}},"11":{"start":{"line":24,"column":4},"end":{"line":29,"column":5}},"12":{"start":{"line":25,"column":6},"end":{"line":25,"column":48}},"13":{"start":{"line":26,"column":6},"end":{"line":26,"column":21}},"14":{"start":{"line":28,"column":6},"end":{"line":28,"column":48}},"15":{"start":{"line":31,"column":2},"end":{"line":61,"column":3}},"16":{"start":{"line":63,"column":0},"end":{"line":66,"column":1}}},"fnMap":{"0":{"name":"AddList","decl":{"start":{"line":6,"column":9},"end":{"line":6,"column":16}},"loc":{"start":{"line":6,"column":46},"end":{"line":62,"column":1}},"line":6},"1":{"name":"(anonymous_1)","decl":{"start":{"line":9,"column":24},"end":{"line":9,"column":25}},"loc":{"start":{"line":9,"column":31},"end":{"line":11,"column":3}},"line":9},"2":{"name":"(anonymous_2)","decl":{"start":{"line":12,"column":21},"end":{"line":12,"column":22}},"loc":{"start":{"line":12,"column":34},"end":{"line":22,"column":3}},"line":12},"3":{"name":"(anonymous_3)","decl":{"start":{"line":23,"column":19},"end":{"line":23,"column":20}},"loc":{"start":{"line":23,"column":25},"end":{"line":30,"column":3}},"line":23}},"branchMap":{"0":{"loc":{"start":{"line":24,"column":4},"end":{"line":29,"column":5}},"type":"if","locations":[{"start":{"line":24,"column":4},"end":{"line":29,"column":5}},{"start":{"line":24,"column":4},"end":{"line":29,"column":5}}],"line":24}},"s":{"0":25,"1":25,"2":25,"3":1,"4":25,"5":1,"6":1,"7":1,"8":1,"9":1,"10":25,"11":4,"12":2,"13":2,"14":2,"15":25,"16":3},"f":{"0":25,"1":1,"2":1,"3":4},"b":{"0":[2,2]},"_coverageSchema":"1a1c01bbd47fc00a2c39e90264f33305004495a9","hash":"dd119f7dd53742f7343fdde691e52965191a7e29"}
,"/home/raramuri/Documents/task3-NewBranch Repo clone/groot/atul/react_tasks/src/Task2-Trello Clone/components/Card.js": {"path":"/home/raramuri/Documents/task3-NewBranch Repo clone/groot/atul/react_tasks/src/Task2-Trello Clone/components/Card.js","statementMap":{"0":{"start":{"line":11,"column":26},"end":{"line":20,"column":3}},"1":{"start":{"line":12,"column":4},"end":{"line":14,"column":5}},"2":{"start":{"line":15,"column":22},"end":{"line":17,"column":5}},"3":{"start":{"line":19,"column":4},"end":{"line":19,"column":35}},"4":{"start":{"line":22,"column":2},"end":{"line":55,"column":3}},"5":{"start":{"line":58,"column":0},"end":{"line":61,"column":1}}},"fnMap":{"0":{"name":"Card","decl":{"start":{"line":10,"column":9},"end":{"line":10,"column":13}},"loc":{"start":{"line":10,"column":42},"end":{"line":56,"column":1}},"line":10},"1":{"name":"(anonymous_1)","decl":{"start":{"line":11,"column":26},"end":{"line":11,"column":27}},"loc":{"start":{"line":11,"column":38},"end":{"line":20,"column":3}},"line":11}},"branchMap":{},"s":{"0":6,"1":1,"2":1,"3":1,"4":6,"5":2},"f":{"0":6,"1":1},"b":{},"_coverageSchema":"1a1c01bbd47fc00a2c39e90264f33305004495a9","hash":"fc77f81bf4bd645a70ea53d5b37ddfcf07b47695"}
,"/home/raramuri/Documents/task3-NewBranch Repo clone/groot/atul/react_tasks/src/Task2-Trello Clone/components/DashBoardCard.js": {"path":"/home/raramuri/Documents/task3-NewBranch Repo clone/groot/atul/react_tasks/src/Task2-Trello Clone/components/DashBoardCard.js","statementMap":{"0":{"start":{"line":9,"column":47},"end":{"line":9,"column":66}},"1":{"start":{"line":10,"column":44},"end":{"line":10,"column":59}},"2":{"start":{"line":12,"column":21},"end":{"line":22,"column":3}},"3":{"start":{"line":13,"column":4},"end":{"line":13,"column":26}},"4":{"start":{"line":14,"column":4},"end":{"line":16,"column":5}},"5":{"start":{"line":17,"column":21},"end":{"line":19,"column":5}},"6":{"start":{"line":20,"column":4},"end":{"line":20,"column":34}},"7":{"start":{"line":21,"column":4},"end":{"line":21,"column":27}},"8":{"start":{"line":23,"column":21},"end":{"line":35,"column":3}},"9":{"start":{"line":24,"column":4},"end":{"line":24,"column":22}},"10":{"start":{"line":25,"column":4},"end":{"line":25,"column":26}},"11":{"start":{"line":26,"column":4},"end":{"line":28,"column":5}},"12":{"start":{"line":30,"column":21},"end":{"line":32,"column":5}},"13":{"start":{"line":33,"column":4},"end":{"line":33,"column":27}},"14":{"start":{"line":34,"column":4},"end":{"line":34,"column":34}},"15":{"start":{"line":36,"column":24},"end":{"line":41,"column":3}},"16":{"start":{"line":37,"column":4},"end":{"line":40,"column":5}},"17":{"start":{"line":38,"column":6},"end":{"line":38,"column":24}},"18":{"start":{"line":39,"column":6},"end":{"line":39,"column":27}},"19":{"start":{"line":42,"column":21},"end":{"line":54,"column":3}},"20":{"start":{"line":51,"column":24},"end":{"line":51,"column":49}},"21":{"start":{"line":52,"column":23},"end":{"line":52,"column":42}},"22":{"start":{"line":56,"column":27},"end":{"line":58,"column":3}},"23":{"start":{"line":57,"column":4},"end":{"line":57,"column":37}},"24":{"start":{"line":59,"column":2},"end":{"line":86,"column":3}},"25":{"start":{"line":67,"column":29},"end":{"line":67,"column":51}},"26":{"start":{"line":79,"column":29},"end":{"line":79,"column":48}},"27":{"start":{"line":88,"column":0},"end":{"line":92,"column":1}}},"fnMap":{"0":{"name":"DashBoardCard","decl":{"start":{"line":8,"column":9},"end":{"line":8,"column":22}},"loc":{"start":{"line":8,"column":59},"end":{"line":87,"column":1}},"line":8},"1":{"name":"(anonymous_1)","decl":{"start":{"line":12,"column":21},"end":{"line":12,"column":22}},"loc":{"start":{"line":12,"column":39},"end":{"line":22,"column":3}},"line":12},"2":{"name":"(anonymous_2)","decl":{"start":{"line":23,"column":21},"end":{"line":23,"column":22}},"loc":{"start":{"line":23,"column":42},"end":{"line":35,"column":3}},"line":23},"3":{"name":"(anonymous_3)","decl":{"start":{"line":36,"column":24},"end":{"line":36,"column":25}},"loc":{"start":{"line":36,"column":39},"end":{"line":41,"column":3}},"line":36},"4":{"name":"(anonymous_4)","decl":{"start":{"line":51,"column":17},"end":{"line":51,"column":18}},"loc":{"start":{"line":51,"column":24},"end":{"line":51,"column":49}},"line":51},"5":{"name":"(anonymous_5)","decl":{"start":{"line":52,"column":16},"end":{"line":52,"column":17}},"loc":{"start":{"line":52,"column":23},"end":{"line":52,"column":42}},"line":52},"6":{"name":"(anonymous_6)","decl":{"start":{"line":56,"column":27},"end":{"line":56,"column":28}},"loc":{"start":{"line":56,"column":34},"end":{"line":58,"column":3}},"line":56},"7":{"name":"(anonymous_7)","decl":{"start":{"line":67,"column":22},"end":{"line":67,"column":23}},"loc":{"start":{"line":67,"column":29},"end":{"line":67,"column":51}},"line":67},"8":{"name":"(anonymous_8)","decl":{"start":{"line":79,"column":23},"end":{"line":79,"column":24}},"loc":{"start":{"line":79,"column":29},"end":{"line":79,"column":48}},"line":79}},"branchMap":{"0":{"loc":{"start":{"line":37,"column":4},"end":{"line":40,"column":5}},"type":"if","locations":[{"start":{"line":37,"column":4},"end":{"line":40,"column":5}},{"start":{"line":37,"column":4},"end":{"line":40,"column":5}}],"line":37},"1":{"loc":{"start":{"line":42,"column":21},"end":{"line":54,"column":3}},"type":"cond-expr","locations":[{"start":{"line":43,"column":4},"end":{"line":45,"column":10}},{"start":{"line":47,"column":4},"end":{"line":53,"column":16}}],"line":42}},"s":{"0":17,"1":17,"2":17,"3":1,"4":1,"5":1,"6":1,"7":1,"8":17,"9":1,"10":1,"11":1,"12":1,"13":1,"14":1,"15":17,"16":0,"17":0,"18":0,"19":17,"20":0,"21":1,"22":17,"23":1,"24":17,"25":1,"26":1,"27":3},"f":{"0":17,"1":1,"2":1,"3":0,"4":0,"5":1,"6":1,"7":1,"8":1},"b":{"0":[0,0],"1":[2,15]},"_coverageSchema":"1a1c01bbd47fc00a2c39e90264f33305004495a9","hash":"d976b2e87a28fbe8c38266a6d2989e0b0c6d932e"}
,"/home/raramuri/Documents/task3-NewBranch Repo clone/groot/atul/react_tasks/src/Task2-Trello Clone/components/DashBoardLists.js": {"path":"/home/raramuri/Documents/task3-NewBranch Repo clone/groot/atul/react_tasks/src/Task2-Trello Clone/components/DashBoardLists.js","statementMap":{"0":{"start":{"line":8,"column":48},"end":{"line":8,"column":67}},"1":{"start":{"line":10,"column":44},"end":{"line":10,"column":59}},"2":{"start":{"line":12,"column":28},"end":{"line":14,"column":3}},"3":{"start":{"line":13,"column":4},"end":{"line":13,"column":38}},"4":{"start":{"line":15,"column":25},"end":{"line":26,"column":3}},"5":{"start":{"line":16,"column":4},"end":{"line":16,"column":22}},"6":{"start":{"line":17,"column":4},"end":{"line":17,"column":26}},"7":{"start":{"line":18,"column":4},"end":{"line":20,"column":5}},"8":{"start":{"line":21,"column":21},"end":{"line":23,"column":5}},"9":{"start":{"line":24,"column":4},"end":{"line":24,"column":33}},"10":{"start":{"line":25,"column":4},"end":{"line":25,"column":27}},"11":{"start":{"line":27,"column":22},"end":{"line":35,"column":3}},"12":{"start":{"line":28,"column":4},"end":{"line":30,"column":5}},"13":{"start":{"line":31,"column":21},"end":{"line":33,"column":5}},"14":{"start":{"line":34,"column":4},"end":{"line":34,"column":33}},"15":{"start":{"line":36,"column":21},"end":{"line":49,"column":3}},"16":{"start":{"line":46,"column":8},"end":{"line":46,"column":28}},"17":{"start":{"line":50,"column":2},"end":{"line":74,"column":3}},"18":{"start":{"line":55,"column":12},"end":{"line":55,"column":38}},"19":{"start":{"line":69,"column":25},"end":{"line":69,"column":45}},"20":{"start":{"line":76,"column":0},"end":{"line":79,"column":1}}},"fnMap":{"0":{"name":"DashBoardLists","decl":{"start":{"line":7,"column":9},"end":{"line":7,"column":23}},"loc":{"start":{"line":7,"column":50},"end":{"line":75,"column":1}},"line":7},"1":{"name":"(anonymous_1)","decl":{"start":{"line":12,"column":28},"end":{"line":12,"column":29}},"loc":{"start":{"line":12,"column":35},"end":{"line":14,"column":3}},"line":12},"2":{"name":"(anonymous_2)","decl":{"start":{"line":15,"column":25},"end":{"line":15,"column":26}},"loc":{"start":{"line":15,"column":46},"end":{"line":26,"column":3}},"line":15},"3":{"name":"(anonymous_3)","decl":{"start":{"line":27,"column":22},"end":{"line":27,"column":23}},"loc":{"start":{"line":27,"column":40},"end":{"line":35,"column":3}},"line":27},"4":{"name":"(anonymous_4)","decl":{"start":{"line":45,"column":16},"end":{"line":45,"column":17}},"loc":{"start":{"line":45,"column":23},"end":{"line":47,"column":7}},"line":45},"5":{"name":"(anonymous_5)","decl":{"start":{"line":54,"column":20},"end":{"line":54,"column":21}},"loc":{"start":{"line":54,"column":27},"end":{"line":56,"column":11}},"line":54},"6":{"name":"(anonymous_6)","decl":{"start":{"line":69,"column":19},"end":{"line":69,"column":20}},"loc":{"start":{"line":69,"column":25},"end":{"line":69,"column":45}},"line":69}},"branchMap":{"0":{"loc":{"start":{"line":36,"column":21},"end":{"line":49,"column":3}},"type":"cond-expr","locations":[{"start":{"line":37,"column":4},"end":{"line":39,"column":10}},{"start":{"line":41,"column":4},"end":{"line":48,"column":6}}],"line":36}},"s":{"0":17,"1":17,"2":17,"3":1,"4":17,"5":1,"6":1,"7":1,"8":1,"9":1,"10":1,"11":17,"12":1,"13":1,"14":1,"15":17,"16":1,"17":17,"18":1,"19":1,"20":3},"f":{"0":17,"1":1,"2":1,"3":1,"4":1,"5":1,"6":1},"b":{"0":[1,16]},"_coverageSchema":"1a1c01bbd47fc00a2c39e90264f33305004495a9","hash":"46d8ba26b6686523189acbd9e35fb26620316e63"}
,"/home/raramuri/Documents/task3-NewBranch Repo clone/groot/atul/react_tasks/src/Task2-Trello Clone/components/NavBar.js": {"path":"/home/raramuri/Documents/task3-NewBranch Repo clone/groot/atul/react_tasks/src/Task2-Trello Clone/components/NavBar.js","statementMap":{"0":{"start":{"line":13,"column":18},"end":{"line":13,"column":30}},"1":{"start":{"line":15,"column":4},"end":{"line":15,"column":21}},"2":{"start":{"line":17,"column":23},"end":{"line":19,"column":3}},"3":{"start":{"line":18,"column":4},"end":{"line":18,"column":36}},"4":{"start":{"line":20,"column":2},"end":{"line":61,"column":3}},"5":{"start":{"line":39,"column":29},"end":{"line":39,"column":44}},"6":{"start":{"line":63,"column":0},"end":{"line":66,"column":1}}},"fnMap":{"0":{"name":"NavBar","decl":{"start":{"line":12,"column":9},"end":{"line":12,"column":15}},"loc":{"start":{"line":12,"column":53},"end":{"line":62,"column":1}},"line":12},"1":{"name":"handleClick","decl":{"start":{"line":14,"column":11},"end":{"line":14,"column":22}},"loc":{"start":{"line":14,"column":25},"end":{"line":16,"column":3}},"line":14},"2":{"name":"(anonymous_2)","decl":{"start":{"line":17,"column":23},"end":{"line":17,"column":24}},"loc":{"start":{"line":17,"column":36},"end":{"line":19,"column":3}},"line":17},"3":{"name":"(anonymous_3)","decl":{"start":{"line":39,"column":22},"end":{"line":39,"column":23}},"loc":{"start":{"line":39,"column":29},"end":{"line":39,"column":44}},"line":39}},"branchMap":{},"s":{"0":3,"1":1,"2":3,"3":1,"4":3,"5":1,"6":2},"f":{"0":3,"1":1,"2":1,"3":1},"b":{},"_coverageSchema":"1a1c01bbd47fc00a2c39e90264f33305004495a9","hash":"dbe19bd749ab8850c1a69d1bf86aa9f448f248fb"}
,"/home/raramuri/Documents/task3-NewBranch Repo clone/groot/atul/react_tasks/src/Task2-Trello Clone/config/config.js": {"path":"/home/raramuri/Documents/task3-NewBranch Repo clone/groot/atul/react_tasks/src/Task2-Trello Clone/config/config.js","statementMap":{"0":{"start":{"line":1,"column":15},"end":{"line":4,"column":1}}},"fnMap":{},"branchMap":{},"s":{"0":7},"f":{},"b":{},"_coverageSchema":"1a1c01bbd47fc00a2c39e90264f33305004495a9","hash":"5c2a3faa46adbfa8eca5b42b1e052390c467bd7d"}
,"/home/raramuri/Documents/task3-NewBranch Repo clone/groot/atul/react_tasks/src/Task2-Trello Clone/pages/Dashboard.js": {"path":"/home/raramuri/Documents/task3-NewBranch Repo clone/groot/atul/react_tasks/src/Task2-Trello Clone/pages/Dashboard.js","statementMap":{"0":{"start":{"line":13,"column":22},"end":{"line":13,"column":33}},"1":{"start":{"line":15,"column":39},"end":{"line":15,"column":51}},"2":{"start":{"line":16,"column":44},"end":{"line":16,"column":56}},"3":{"start":{"line":17,"column":50},"end":{"line":17,"column":62}},"4":{"start":{"line":18,"column":52},"end":{"line":18,"column":64}},"5":{"start":{"line":19,"column":32},"end":{"line":19,"column":46}},"6":{"start":{"line":20,"column":41},"end":{"line":20,"column":56}},"7":{"start":{"line":22,"column":2},"end":{"line":43,"column":8}},"8":{"start":{"line":23,"column":22},"end":{"line":41,"column":5}},"9":{"start":{"line":24,"column":23},"end":{"line":26,"column":7}},"10":{"start":{"line":28,"column":23},"end":{"line":30,"column":7}},"11":{"start":{"line":32,"column":34},"end":{"line":34,"column":7}},"12":{"start":{"line":36,"column":6},"end":{"line":36,"column":23}},"13":{"start":{"line":37,"column":6},"end":{"line":37,"column":56}},"14":{"start":{"line":38,"column":6},"end":{"line":38,"column":36}},"15":{"start":{"line":39,"column":6},"end":{"line":39,"column":35}},"16":{"start":{"line":40,"column":6},"end":{"line":40,"column":53}},"17":{"start":{"line":42,"column":4},"end":{"line":42,"column":15}},"18":{"start":{"line":45,"column":26},"end":{"line":47,"column":3}},"19":{"start":{"line":46,"column":4},"end":{"line":46,"column":39}},"20":{"start":{"line":48,"column":26},"end":{"line":58,"column":3}},"21":{"start":{"line":49,"column":4},"end":{"line":49,"column":22}},"22":{"start":{"line":50,"column":4},"end":{"line":52,"column":5}},"23":{"start":{"line":53,"column":32},"end":{"line":55,"column":5}},"24":{"start":{"line":56,"column":4},"end":{"line":56,"column":54}},"25":{"start":{"line":57,"column":4},"end":{"line":57,"column":23}},"26":{"start":{"line":59,"column":27},"end":{"line":65,"column":3}},"27":{"start":{"line":60,"column":4},"end":{"line":64,"column":5}},"28":{"start":{"line":61,"column":6},"end":{"line":61,"column":25}},"29":{"start":{"line":63,"column":6},"end":{"line":63,"column":24}},"30":{"start":{"line":67,"column":20},"end":{"line":90,"column":3}},"31":{"start":{"line":91,"column":24},"end":{"line":97,"column":3}},"32":{"start":{"line":99,"column":2},"end":{"line":105,"column":3}},"33":{"start":{"line":100,"column":4},"end":{"line":104,"column":5}},"34":{"start":{"line":106,"column":2},"end":{"line":148,"column":3}},"35":{"start":{"line":115,"column":10},"end":{"line":143,"column":11}},"36":{"start":{"line":120,"column":18},"end":{"line":131,"column":19}},"37":{"start":{"line":121,"column":20},"end":{"line":128,"column":21}},"38":{"start":{"line":130,"column":20},"end":{"line":130,"column":55}}},"fnMap":{"0":{"name":"Dashboard","decl":{"start":{"line":12,"column":9},"end":{"line":12,"column":18}},"loc":{"start":{"line":12,"column":21},"end":{"line":149,"column":1}},"line":12},"1":{"name":"(anonymous_1)","decl":{"start":{"line":22,"column":12},"end":{"line":22,"column":13}},"loc":{"start":{"line":22,"column":18},"end":{"line":43,"column":3}},"line":22},"2":{"name":"(anonymous_2)","decl":{"start":{"line":23,"column":22},"end":{"line":23,"column":23}},"loc":{"start":{"line":23,"column":34},"end":{"line":41,"column":5}},"line":23},"3":{"name":"(anonymous_3)","decl":{"start":{"line":45,"column":26},"end":{"line":45,"column":27}},"loc":{"start":{"line":45,"column":33},"end":{"line":47,"column":3}},"line":45},"4":{"name":"(anonymous_4)","decl":{"start":{"line":48,"column":26},"end":{"line":48,"column":27}},"loc":{"start":{"line":48,"column":39},"end":{"line":58,"column":3}},"line":48},"5":{"name":"(anonymous_5)","decl":{"start":{"line":59,"column":27},"end":{"line":59,"column":28}},"loc":{"start":{"line":59,"column":33},"end":{"line":65,"column":3}},"line":59},"6":{"name":"(anonymous_6)","decl":{"start":{"line":114,"column":24},"end":{"line":114,"column":25}},"loc":{"start":{"line":114,"column":33},"end":{"line":144,"column":9}},"line":114},"7":{"name":"(anonymous_7)","decl":{"start":{"line":119,"column":36},"end":{"line":119,"column":37}},"loc":{"start":{"line":119,"column":49},"end":{"line":132,"column":17}},"line":119}},"branchMap":{"0":{"loc":{"start":{"line":60,"column":4},"end":{"line":64,"column":5}},"type":"if","locations":[{"start":{"line":60,"column":4},"end":{"line":64,"column":5}},{"start":{"line":60,"column":4},"end":{"line":64,"column":5}}],"line":60},"1":{"loc":{"start":{"line":67,"column":20},"end":{"line":90,"column":3}},"type":"cond-expr","locations":[{"start":{"line":68,"column":4},"end":{"line":85,"column":10}},{"start":{"line":87,"column":4},"end":{"line":89,"column":10}}],"line":67},"2":{"loc":{"start":{"line":99,"column":2},"end":{"line":105,"column":3}},"type":"if","locations":[{"start":{"line":99,"column":2},"end":{"line":105,"column":3}},{"start":{"line":99,"column":2},"end":{"line":105,"column":3}}],"line":99},"3":{"loc":{"start":{"line":120,"column":18},"end":{"line":131,"column":19}},"type":"if","locations":[{"start":{"line":120,"column":18},"end":{"line":131,"column":19}},{"start":{"line":120,"column":18},"end":{"line":131,"column":19}}],"line":120}},"s":{"0":24,"1":24,"2":24,"3":24,"4":24,"5":24,"6":24,"7":24,"8":3,"9":3,"10":3,"11":3,"12":3,"13":3,"14":3,"15":3,"16":3,"17":3,"18":24,"19":1,"20":24,"21":1,"22":1,"23":1,"24":1,"25":1,"26":24,"27":3,"28":1,"29":2,"30":24,"31":24,"32":24,"33":3,"34":21,"35":12,"36":12,"37":10,"38":2},"f":{"0":24,"1":3,"2":3,"3":1,"4":1,"5":3,"6":12,"7":12},"b":{"0":[1,2],"1":[4,20],"2":[3,21],"3":[10,2]},"_coverageSchema":"1a1c01bbd47fc00a2c39e90264f33305004495a9","hash":"4ed0217d9e0c4a08fcfa4a03955a939336791b3d"}
,"/home/raramuri/Documents/task3-NewBranch Repo clone/groot/atul/react_tasks/src/Task2-Trello Clone/pages/HomePage.js": {"path":"/home/raramuri/Documents/task3-NewBranch Repo clone/groot/atul/react_tasks/src/Task2-Trello Clone/pages/HomePage.js","statementMap":{"0":{"start":{"line":19,"column":42},"end":{"line":19,"column":54}},"1":{"start":{"line":20,"column":39},"end":{"line":20,"column":51}},"2":{"start":{"line":21,"column":37},"end":{"line":21,"column":51}},"3":{"start":{"line":22,"column":22},"end":{"line":22,"column":34}},"4":{"start":{"line":23,"column":2},"end":{"line":33,"column":8}},"5":{"start":{"line":24,"column":18},"end":{"line":30,"column":5}},"6":{"start":{"line":25,"column":30},"end":{"line":27,"column":7}},"7":{"start":{"line":28,"column":6},"end":{"line":28,"column":28}},"8":{"start":{"line":29,"column":6},"end":{"line":29,"column":43}},"9":{"start":{"line":32,"column":4},"end":{"line":32,"column":11}},"10":{"start":{"line":34,"column":19},"end":{"line":40,"column":3}},"11":{"start":{"line":35,"column":4},"end":{"line":39,"column":5}},"12":{"start":{"line":36,"column":6},"end":{"line":36,"column":48}},"13":{"start":{"line":38,"column":6},"end":{"line":38,"column":49}},"14":{"start":{"line":41,"column":25},"end":{"line":53,"column":3}},"15":{"start":{"line":42,"column":4},"end":{"line":42,"column":22}},"16":{"start":{"line":44,"column":4},"end":{"line":46,"column":5}},"17":{"start":{"line":47,"column":26},"end":{"line":49,"column":5}},"18":{"start":{"line":50,"column":4},"end":{"line":50,"column":20}},"19":{"start":{"line":51,"column":4},"end":{"line":51,"column":39}},"20":{"start":{"line":52,"column":4},"end":{"line":52,"column":14}},"21":{"start":{"line":54,"column":26},"end":{"line":56,"column":3}},"22":{"start":{"line":55,"column":4},"end":{"line":55,"column":32}},"23":{"start":{"line":57,"column":2},"end":{"line":63,"column":3}},"24":{"start":{"line":58,"column":4},"end":{"line":62,"column":5}},"25":{"start":{"line":64,"column":2},"end":{"line":184,"column":3}},"26":{"start":{"line":140,"column":16},"end":{"line":140,"column":76}},"27":{"start":{"line":143,"column":16},"end":{"line":150,"column":17}},"28":{"start":{"line":186,"column":0},"end":{"line":188,"column":1}}},"fnMap":{"0":{"name":"HomePage","decl":{"start":{"line":18,"column":9},"end":{"line":18,"column":17}},"loc":{"start":{"line":18,"column":37},"end":{"line":185,"column":1}},"line":18},"1":{"name":"(anonymous_1)","decl":{"start":{"line":23,"column":12},"end":{"line":23,"column":13}},"loc":{"start":{"line":23,"column":18},"end":{"line":33,"column":3}},"line":23},"2":{"name":"(anonymous_2)","decl":{"start":{"line":24,"column":18},"end":{"line":24,"column":19}},"loc":{"start":{"line":24,"column":30},"end":{"line":30,"column":5}},"line":24},"3":{"name":"(anonymous_3)","decl":{"start":{"line":34,"column":19},"end":{"line":34,"column":20}},"loc":{"start":{"line":34,"column":25},"end":{"line":40,"column":3}},"line":34},"4":{"name":"(anonymous_4)","decl":{"start":{"line":41,"column":25},"end":{"line":41,"column":26}},"loc":{"start":{"line":41,"column":38},"end":{"line":53,"column":3}},"line":41},"5":{"name":"(anonymous_5)","decl":{"start":{"line":54,"column":26},"end":{"line":54,"column":27}},"loc":{"start":{"line":54,"column":33},"end":{"line":56,"column":3}},"line":54},"6":{"name":"(anonymous_6)","decl":{"start":{"line":139,"column":22},"end":{"line":139,"column":23}},"loc":{"start":{"line":140,"column":16},"end":{"line":140,"column":76}},"line":140},"7":{"name":"(anonymous_7)","decl":{"start":{"line":142,"column":19},"end":{"line":142,"column":20}},"loc":{"start":{"line":142,"column":28},"end":{"line":151,"column":15}},"line":142}},"branchMap":{"0":{"loc":{"start":{"line":35,"column":4},"end":{"line":39,"column":5}},"type":"if","locations":[{"start":{"line":35,"column":4},"end":{"line":39,"column":5}},{"start":{"line":35,"column":4},"end":{"line":39,"column":5}}],"line":35},"1":{"loc":{"start":{"line":57,"column":2},"end":{"line":63,"column":3}},"type":"if","locations":[{"start":{"line":57,"column":2},"end":{"line":63,"column":3}},{"start":{"line":57,"column":2},"end":{"line":63,"column":3}}],"line":57}},"s":{"0":16,"1":16,"2":16,"3":16,"4":16,"5":5,"6":5,"7":4,"8":4,"9":5,"10":16,"11":5,"12":2,"13":3,"14":16,"15":1,"16":1,"17":1,"18":1,"19":1,"20":1,"21":16,"22":1,"23":16,"24":5,"25":11,"26":7,"27":7,"28":2},"f":{"0":16,"1":5,"2":5,"3":5,"4":1,"5":1,"6":7,"7":7},"b":{"0":[2,3],"1":[5,11]},"_coverageSchema":"1a1c01bbd47fc00a2c39e90264f33305004495a9","hash":"21708fcfab6ced2dfac25e14a1748485d8bec398"}
,"/home/raramuri/Documents/task3-NewBranch Repo clone/groot/atul/react_tasks/src/task1-ToDoList/ToDo.js": {"path":"/home/raramuri/Documents/task3-NewBranch Repo clone/groot/atul/react_tasks/src/task1-ToDoList/ToDo.js","statementMap":{"0":{"start":{"line":6,"column":4},"end":{"line":6,"column":11}},"1":{"start":{"line":7,"column":4},"end":{"line":13,"column":5}},"2":{"start":{"line":14,"column":4},"end":{"line":14,"column":42}},"3":{"start":{"line":17,"column":13},"end":{"line":33,"column":3}},"4":{"start":{"line":18,"column":4},"end":{"line":18,"column":22}},"5":{"start":{"line":19,"column":20},"end":{"line":19,"column":42}},"6":{"start":{"line":20,"column":4},"end":{"line":32,"column":5}},"7":{"start":{"line":21,"column":20},"end":{"line":21,"column":54}},"8":{"start":{"line":22,"column":6},"end":{"line":28,"column":8}},"9":{"start":{"line":29,"column":6},"end":{"line":29,"column":68}},"10":{"start":{"line":30,"column":6},"end":{"line":31,"column":44}},"11":{"start":{"line":35,"column":22},"end":{"line":42,"column":3}},"12":{"start":{"line":36,"column":4},"end":{"line":41,"column":6}},"13":{"start":{"line":44,"column":15},"end":{"line":55,"column":3}},"14":{"start":{"line":45,"column":26},"end":{"line":47,"column":5}},"15":{"start":{"line":46,"column":16},"end":{"line":46,"column":32}},"16":{"start":{"line":48,"column":4},"end":{"line":50,"column":6}},"17":{"start":{"line":51,"column":4},"end":{"line":54,"column":5}},"18":{"start":{"line":52,"column":6},"end":{"line":52,"column":66}},"19":{"start":{"line":53,"column":6},"end":{"line":53,"column":79}},"20":{"start":{"line":57,"column":20},"end":{"line":67,"column":3}},"21":{"start":{"line":58,"column":4},"end":{"line":58,"column":48}},"22":{"start":{"line":59,"column":18},"end":{"line":59,"column":38}},"23":{"start":{"line":60,"column":4},"end":{"line":63,"column":6}},"24":{"start":{"line":61,"column":6},"end":{"line":61,"column":69}},"25":{"start":{"line":62,"column":6},"end":{"line":62,"column":17}},"26":{"start":{"line":64,"column":4},"end":{"line":66,"column":6}},"27":{"start":{"line":70,"column":4},"end":{"line":126,"column":5}},"28":{"start":{"line":99,"column":14},"end":{"line":121,"column":19}},"29":{"start":{"line":107,"column":22},"end":{"line":107,"column":54}},"30":{"start":{"line":116,"column":20},"end":{"line":116,"column":44}}},"fnMap":{"0":{"name":"(anonymous_0)","decl":{"start":{"line":5,"column":2},"end":{"line":5,"column":3}},"loc":{"start":{"line":5,"column":16},"end":{"line":15,"column":3}},"line":5},"1":{"name":"(anonymous_1)","decl":{"start":{"line":17,"column":13},"end":{"line":17,"column":14}},"loc":{"start":{"line":17,"column":20},"end":{"line":33,"column":3}},"line":17},"2":{"name":"(anonymous_2)","decl":{"start":{"line":35,"column":22},"end":{"line":35,"column":23}},"loc":{"start":{"line":35,"column":29},"end":{"line":42,"column":3}},"line":35},"3":{"name":"(anonymous_3)","decl":{"start":{"line":44,"column":15},"end":{"line":44,"column":16}},"loc":{"start":{"line":44,"column":24},"end":{"line":55,"column":3}},"line":44},"4":{"name":"(anonymous_4)","decl":{"start":{"line":46,"column":6},"end":{"line":46,"column":7}},"loc":{"start":{"line":46,"column":16},"end":{"line":46,"column":32}},"line":46},"5":{"name":"(anonymous_5)","decl":{"start":{"line":57,"column":20},"end":{"line":57,"column":21}},"loc":{"start":{"line":57,"column":36},"end":{"line":67,"column":3}},"line":57},"6":{"name":"(anonymous_6)","decl":{"start":{"line":60,"column":14},"end":{"line":60,"column":15}},"loc":{"start":{"line":60,"column":24},"end":{"line":63,"column":5}},"line":60},"7":{"name":"(anonymous_7)","decl":{"start":{"line":69,"column":2},"end":{"line":69,"column":3}},"loc":{"start":{"line":69,"column":11},"end":{"line":127,"column":3}},"line":69},"8":{"name":"(anonymous_8)","decl":{"start":{"line":98,"column":38},"end":{"line":98,"column":39}},"loc":{"start":{"line":99,"column":14},"end":{"line":121,"column":19}},"line":99},"9":{"name":"(anonymous_9)","decl":{"start":{"line":106,"column":30},"end":{"line":106,"column":31}},"loc":{"start":{"line":106,"column":37},"end":{"line":108,"column":21}},"line":106},"10":{"name":"(anonymous_10)","decl":{"start":{"line":115,"column":27},"end":{"line":115,"column":28}},"loc":{"start":{"line":115,"column":33},"end":{"line":117,"column":19}},"line":115}},"branchMap":{"0":{"loc":{"start":{"line":20,"column":4},"end":{"line":32,"column":5}},"type":"if","locations":[{"start":{"line":20,"column":4},"end":{"line":32,"column":5}},{"start":{"line":20,"column":4},"end":{"line":32,"column":5}}],"line":20},"1":{"loc":{"start":{"line":51,"column":4},"end":{"line":54,"column":5}},"type":"if","locations":[{"start":{"line":51,"column":4},"end":{"line":54,"column":5}},{"start":{"line":51,"column":4},"end":{"line":54,"column":5}}],"line":51},"2":{"loc":{"start":{"line":61,"column":19},"end":{"line":61,"column":69}},"type":"cond-expr","locations":[{"start":{"line":61,"column":38},"end":{"line":61,"column":56}},{"start":{"line":61,"column":59},"end":{"line":61,"column":69}}],"line":61}},"s":{"0":10,"1":10,"2":10,"3":10,"4":7,"5":7,"6":7,"7":6,"8":6,"9":6,"10":6,"11":10,"12":6,"13":10,"14":2,"15":3,"16":2,"17":2,"18":1,"19":1,"20":10,"21":1,"22":1,"23":1,"24":2,"25":2,"26":1,"27":25,"28":13,"29":1,"30":2},"f":{"0":10,"1":7,"2":6,"3":2,"4":3,"5":1,"6":2,"7":25,"8":13,"9":1,"10":2},"b":{"0":[6,1],"1":[1,1],"2":[1,1]},"_coverageSchema":"1a1c01bbd47fc00a2c39e90264f33305004495a9","hash":"3bb6fa5922e062f27abbd0d6d9b0deba18a1348a"}
}
