TN:
SF:src/App.js
FN:7,App
FNF:1
FNH:1
FNDA:1,App
DA:8,1
LF:1
LH:1
BRF:0
BRH:0
end_of_record
TN:
SF:src/Task2-Trello Clone/Main.js
FN:10,Main
FNF:1
FNH:1
FNDA:1,Main
DA:11,1
DA:12,1
LF:2
LH:2
BRF:0
BRH:0
end_of_record
TN:
SF:src/Task2-Trello Clone/components/AddCard.js
FN:5,AddCard
FN:8,(anonymous_1)
FN:11,(anonymous_2)
FN:29,(anonymous_3)
FNF:4
FNH:4
FNDA:16,AddCard
FNDA:1,(anonymous_1)
FNDA:2,(anonymous_2)
FNDA:3,(anonymous_3)
DA:6,16
DA:7,16
DA:8,16
DA:9,1
DA:11,16
DA:12,2
DA:13,2
DA:14,2
DA:15,1
DA:18,1
DA:21,1
DA:22,1
DA:23,1
DA:26,0
DA:29,16
DA:30,3
DA:31,1
DA:33,2
DA:36,16
DA:66,3
LF:20
LH:19
BRDA:14,0,0,1
BRDA:14,0,1,1
BRDA:30,1,0,1
BRDA:30,1,1,2
BRF:4
BRH:4
end_of_record
TN:
SF:src/Task2-Trello Clone/components/AddList.js
FN:5,AddList
FN:8,(anonymous_1)
FN:11,(anonymous_2)
FN:26,(anonymous_3)
FNF:4
FNH:4
FNDA:25,AddList
FNDA:1,(anonymous_1)
FNDA:1,(anonymous_2)
FNDA:4,(anonymous_3)
DA:6,25
DA:7,25
DA:8,25
DA:9,1
DA:11,25
DA:12,1
DA:13,1
DA:14,1
DA:17,1
DA:20,1
DA:21,1
DA:23,0
DA:26,25
DA:27,4
DA:28,2
DA:29,2
DA:31,2
DA:34,25
DA:66,3
LF:19
LH:18
BRDA:27,0,0,2
BRDA:27,0,1,2
BRF:2
BRH:2
end_of_record
TN:
SF:src/Task2-Trello Clone/components/Card.js
FN:9,Card
FN:10,(anonymous_1)
FNF:2
FNH:2
FNDA:6,Card
FNDA:1,(anonymous_1)
DA:10,6
DA:11,1
DA:14,1
DA:18,1
DA:21,6
DA:57,2
LF:6
LH:6
BRF:0
BRH:0
end_of_record
TN:
SF:src/Task2-Trello Clone/components/DashBoardCard.js
FN:8,DashBoardCard
FN:13,(anonymous_1)
FN:28,(anonymous_2)
FN:46,(anonymous_3)
FN:53,(anonymous_4)
FN:63,(anonymous_5)
FN:69,(anonymous_6)
FN:70,(anonymous_7)
FN:87,(anonymous_8)
FN:106,(anonymous_9)
FNF:10
FNH:10
FNDA:28,DashBoardCard
FNDA:1,(anonymous_1)
FNDA:2,(anonymous_2)
FNDA:2,(anonymous_3)
FNDA:3,(anonymous_4)
FNDA:1,(anonymous_5)
FNDA:2,(anonymous_6)
FNDA:3,(anonymous_7)
FNDA:4,(anonymous_8)
FNDA:1,(anonymous_9)
DA:9,28
DA:10,28
DA:11,28
DA:13,28
DA:14,1
DA:15,1
DA:16,1
DA:19,1
DA:22,1
DA:23,1
DA:25,0
DA:28,28
DA:29,2
DA:30,2
DA:31,2
DA:32,2
DA:36,2
DA:39,2
DA:40,2
DA:41,2
DA:43,0
DA:46,28
DA:47,2
DA:48,1
DA:49,1
DA:53,28
DA:54,3
DA:56,28
DA:63,1
DA:69,2
DA:70,3
DA:81,28
DA:88,4
DA:106,1
DA:114,3
LF:35
LH:33
BRDA:47,0,0,1
BRDA:47,0,1,1
BRDA:56,1,0,18
BRDA:56,1,1,10
BRDA:91,2,0,3
BRDA:91,2,1,25
BRF:6
BRH:6
end_of_record
TN:
SF:src/Task2-Trello Clone/components/DashBoardLists.js
FN:6,DashBoardLists
FN:11,(anonymous_1)
FN:14,(anonymous_2)
FN:30,(anonymous_3)
FN:56,(anonymous_4)
FN:65,(anonymous_5)
FN:80,(anonymous_6)
FNF:7
FNH:7
FNDA:17,DashBoardLists
FNDA:1,(anonymous_1)
FNDA:1,(anonymous_2)
FNDA:1,(anonymous_3)
FNDA:1,(anonymous_4)
FNDA:1,(anonymous_5)
FNDA:1,(anonymous_6)
DA:7,17
DA:9,17
DA:11,17
DA:12,1
DA:14,17
DA:15,1
DA:16,1
DA:17,1
DA:18,1
DA:21,1
DA:24,1
DA:25,1
DA:27,0
DA:30,17
DA:31,1
DA:32,1
DA:35,1
DA:38,1
DA:40,0
DA:43,17
DA:57,1
DA:61,17
DA:66,1
DA:80,1
DA:87,3
LF:25
LH:23
BRDA:43,0,0,1
BRDA:43,0,1,16
BRF:2
BRH:2
end_of_record
TN:
SF:src/Task2-Trello Clone/components/NavBar.js
FN:12,NavBar
FN:14,handleClick
FN:17,(anonymous_2)
FN:39,(anonymous_3)
FNF:4
FNH:4
FNDA:3,NavBar
FNDA:1,handleClick
FNDA:1,(anonymous_2)
FNDA:1,(anonymous_3)
DA:13,3
DA:15,1
DA:17,3
DA:18,1
DA:20,3
DA:39,1
DA:63,2
LF:7
LH:7
BRF:0
BRH:0
end_of_record
TN:
SF:src/Task2-Trello Clone/pages/Dashboard.js
FN:12,Dashboard
FN:22,(anonymous_1)
FN:24,(anonymous_2)
FN:49,(anonymous_3)
FN:52,(anonymous_4)
FN:67,(anonymous_5)
FN:131,(anonymous_6)
FN:136,(anonymous_7)
FNF:8
FNH:8
FNDA:24,Dashboard
FNDA:3,(anonymous_1)
FNDA:3,(anonymous_2)
FNDA:1,(anonymous_3)
FNDA:1,(anonymous_4)
FNDA:3,(anonymous_5)
FNDA:12,(anonymous_6)
FNDA:12,(anonymous_7)
DA:13,24
DA:15,24
DA:16,24
DA:17,24
DA:18,24
DA:19,24
DA:20,24
DA:22,24
DA:23,3
DA:24,3
DA:25,3
DA:29,3
DA:33,3
DA:37,3
DA:38,3
DA:39,3
DA:40,3
DA:41,3
DA:43,3
DA:45,0
DA:49,24
DA:50,1
DA:52,24
DA:53,1
DA:54,1
DA:55,1
DA:58,1
DA:61,1
DA:62,1
DA:64,0
DA:67,24
DA:68,3
DA:69,1
DA:71,2
DA:75,24
DA:99,24
DA:107,24
DA:108,3
DA:123,21
DA:132,12
DA:137,12
DA:138,10
DA:147,2
LF:43
LH:41
BRDA:68,0,0,1
BRDA:68,0,1,2
BRDA:75,1,0,4
BRDA:75,1,1,20
BRDA:107,2,0,3
BRDA:107,2,1,21
BRDA:137,3,0,10
BRDA:137,3,1,2
BRF:8
BRH:8
end_of_record
TN:
SF:src/Task2-Trello Clone/pages/HomePage.js
FN:17,HomePage
FN:22,(anonymous_1)
FN:24,(anonymous_2)
FN:37,(anonymous_3)
FN:44,(anonymous_4)
FN:60,(anonymous_5)
FN:154,(anonymous_6)
FN:157,(anonymous_7)
FNF:8
FNH:8
FNDA:16,HomePage
FNDA:5,(anonymous_1)
FNDA:5,(anonymous_2)
FNDA:5,(anonymous_3)
FNDA:1,(anonymous_4)
FNDA:1,(anonymous_5)
FNDA:7,(anonymous_6)
FNDA:7,(anonymous_7)
DA:18,16
DA:19,16
DA:20,16
DA:21,16
DA:22,16
DA:23,5
DA:24,5
DA:25,5
DA:28,4
DA:29,4
DA:32,5
DA:34,0
DA:37,16
DA:38,5
DA:39,2
DA:41,3
DA:44,16
DA:45,1
DA:46,1
DA:47,1
DA:50,1
DA:53,1
DA:54,1
DA:55,1
DA:57,0
DA:60,16
DA:61,1
DA:63,16
DA:64,5
DA:79,11
DA:155,7
DA:158,7
DA:201,2
LF:33
LH:31
BRDA:38,0,0,2
BRDA:38,0,1,3
BRDA:63,1,0,5
BRDA:63,1,1,11
BRF:4
BRH:4
end_of_record
TN:
SF:src/task1-ToDoList/ToDo.js
FN:5,(anonymous_0)
FN:17,(anonymous_1)
FN:35,(anonymous_2)
FN:44,(anonymous_3)
FN:46,(anonymous_4)
FN:57,(anonymous_5)
FN:60,(anonymous_6)
FN:69,(anonymous_7)
FN:98,(anonymous_8)
FN:106,(anonymous_9)
FN:115,(anonymous_10)
FNF:11
FNH:11
FNDA:10,(anonymous_0)
FNDA:7,(anonymous_1)
FNDA:6,(anonymous_2)
FNDA:2,(anonymous_3)
FNDA:3,(anonymous_4)
FNDA:1,(anonymous_5)
FNDA:2,(anonymous_6)
FNDA:25,(anonymous_7)
FNDA:13,(anonymous_8)
FNDA:1,(anonymous_9)
FNDA:2,(anonymous_10)
DA:6,10
DA:7,10
DA:14,10
DA:17,10
DA:18,7
DA:19,7
DA:20,7
DA:21,6
DA:22,6
DA:29,6
DA:30,6
DA:35,10
DA:36,6
DA:44,10
DA:45,2
DA:46,3
DA:48,2
DA:51,2
DA:52,1
DA:53,1
DA:57,10
DA:58,1
DA:59,1
DA:60,1
DA:61,2
DA:62,2
DA:64,1
DA:70,25
DA:99,13
DA:107,1
DA:116,2
LF:31
LH:31
BRDA:20,0,0,6
BRDA:20,0,1,1
BRDA:51,1,0,1
BRDA:51,1,1,1
BRDA:61,2,0,1
BRDA:61,2,1,1
BRF:6
BRH:6
end_of_record
