TN:
SF:src/App.js
FN:7,App
FNF:1
FNH:1
FNDA:1,App
DA:8,1
LF:1
LH:1
BRF:0
BRH:0
end_of_record
TN:
SF:src/Task2-Trello Clone/Main.js
FN:10,Main
FNF:1
FNH:1
FNDA:1,Main
DA:11,1
DA:12,1
LF:2
LH:2
BRF:0
BRH:0
end_of_record
TN:
SF:src/Task2-Trello Clone/components/AddCard.js
FN:6,AddCard
FN:9,(anonymous_1)
FN:12,(anonymous_2)
FN:26,(anonymous_3)
FNF:4
FNH:4
FNDA:16,AddCard
FNDA:1,(anonymous_1)
FNDA:2,(anonymous_2)
FNDA:3,(anonymous_3)
DA:7,16
DA:8,16
DA:9,16
DA:10,1
DA:12,16
DA:13,2
DA:14,2
DA:15,1
DA:18,1
DA:21,1
DA:22,1
DA:23,1
DA:26,16
DA:27,3
DA:28,1
DA:30,2
DA:33,16
DA:63,3
LF:18
LH:18
BRDA:14,0,0,1
BRDA:14,0,1,1
BRDA:27,1,0,1
BRDA:27,1,1,2
BRF:4
BRH:4
end_of_record
TN:
SF:src/Task2-Trello Clone/components/AddList.js
FN:6,AddList
FN:9,(anonymous_1)
FN:12,(anonymous_2)
FN:23,(anonymous_3)
FNF:4
FNH:4
FNDA:25,AddList
FNDA:1,(anonymous_1)
FNDA:1,(anonymous_2)
FNDA:4,(anonymous_3)
DA:7,25
DA:8,25
DA:9,25
DA:10,1
DA:12,25
DA:13,1
DA:14,1
DA:17,1
DA:20,1
DA:21,1
DA:23,25
DA:24,4
DA:25,2
DA:26,2
DA:28,2
DA:31,25
DA:63,3
LF:17
LH:17
BRDA:24,0,0,2
BRDA:24,0,1,2
BRF:2
BRH:2
end_of_record
TN:
SF:src/Task2-Trello Clone/components/Card.js
FN:10,Card
FN:11,(anonymous_1)
FNF:2
FNH:2
FNDA:6,Card
FNDA:1,(anonymous_1)
DA:11,6
DA:12,1
DA:15,1
DA:19,1
DA:22,6
DA:58,2
LF:6
LH:6
BRF:0
BRH:0
end_of_record
TN:
SF:src/Task2-Trello Clone/components/DashBoardCard.js
FN:8,DashBoardCard
FN:12,(anonymous_1)
FN:23,(anonymous_2)
FN:36,(anonymous_3)
FN:51,(anonymous_4)
FN:52,(anonymous_5)
FN:56,(anonymous_6)
FN:67,(anonymous_7)
FN:79,(anonymous_8)
FNF:9
FNH:7
FNDA:17,DashBoardCard
FNDA:1,(anonymous_1)
FNDA:1,(anonymous_2)
FNDA:0,(anonymous_3)
FNDA:0,(anonymous_4)
FNDA:1,(anonymous_5)
FNDA:1,(anonymous_6)
FNDA:1,(anonymous_7)
FNDA:1,(anonymous_8)
DA:9,17
DA:10,17
DA:12,17
DA:13,1
DA:14,1
DA:17,1
DA:20,1
DA:21,1
DA:23,17
DA:24,1
DA:25,1
DA:26,1
DA:30,1
DA:33,1
DA:34,1
DA:36,17
DA:37,0
DA:38,0
DA:39,0
DA:42,17
DA:51,0
DA:52,1
DA:56,17
DA:57,1
DA:59,17
DA:67,1
DA:79,1
DA:88,3
LF:28
LH:24
BRDA:37,0,0,0
BRDA:37,0,1,0
BRDA:42,1,0,2
BRDA:42,1,1,15
BRF:4
BRH:2
end_of_record
TN:
SF:src/Task2-Trello Clone/components/DashBoardLists.js
FN:7,DashBoardLists
FN:12,(anonymous_1)
FN:15,(anonymous_2)
FN:27,(anonymous_3)
FN:45,(anonymous_4)
FN:54,(anonymous_5)
FN:69,(anonymous_6)
FNF:7
FNH:7
FNDA:17,DashBoardLists
FNDA:1,(anonymous_1)
FNDA:1,(anonymous_2)
FNDA:1,(anonymous_3)
FNDA:1,(anonymous_4)
FNDA:1,(anonymous_5)
FNDA:1,(anonymous_6)
DA:8,17
DA:10,17
DA:12,17
DA:13,1
DA:15,17
DA:16,1
DA:17,1
DA:18,1
DA:21,1
DA:24,1
DA:25,1
DA:27,17
DA:28,1
DA:31,1
DA:34,1
DA:36,17
DA:46,1
DA:50,17
DA:55,1
DA:69,1
DA:76,3
LF:21
LH:21
BRDA:36,0,0,1
BRDA:36,0,1,16
BRF:2
BRH:2
end_of_record
TN:
SF:src/Task2-Trello Clone/components/NavBar.js
FN:12,NavBar
FN:14,handleClick
FN:17,(anonymous_2)
FN:39,(anonymous_3)
FNF:4
FNH:4
FNDA:3,NavBar
FNDA:1,handleClick
FNDA:1,(anonymous_2)
FNDA:1,(anonymous_3)
DA:13,3
DA:15,1
DA:17,3
DA:18,1
DA:20,3
DA:39,1
DA:63,2
LF:7
LH:7
BRF:0
BRH:0
end_of_record
TN:
SF:src/Task2-Trello Clone/config/config.js
FNF:0
FNH:0
DA:1,7
LF:1
LH:1
BRF:0
BRH:0
end_of_record
TN:
SF:src/Task2-Trello Clone/pages/Dashboard.js
FN:12,Dashboard
FN:22,(anonymous_1)
FN:23,(anonymous_2)
FN:45,(anonymous_3)
FN:48,(anonymous_4)
FN:59,(anonymous_5)
FN:114,(anonymous_6)
FN:119,(anonymous_7)
FNF:8
FNH:8
FNDA:24,Dashboard
FNDA:3,(anonymous_1)
FNDA:3,(anonymous_2)
FNDA:1,(anonymous_3)
FNDA:1,(anonymous_4)
FNDA:3,(anonymous_5)
FNDA:12,(anonymous_6)
FNDA:12,(anonymous_7)
DA:13,24
DA:15,24
DA:16,24
DA:17,24
DA:18,24
DA:19,24
DA:20,24
DA:22,24
DA:23,3
DA:24,3
DA:28,3
DA:32,3
DA:36,3
DA:37,3
DA:38,3
DA:39,3
DA:40,3
DA:42,3
DA:45,24
DA:46,1
DA:48,24
DA:49,1
DA:50,1
DA:53,1
DA:56,1
DA:57,1
DA:59,24
DA:60,3
DA:61,1
DA:63,2
DA:67,24
DA:91,24
DA:99,24
DA:100,3
DA:106,21
DA:115,12
DA:120,12
DA:121,10
DA:130,2
LF:39
LH:39
BRDA:60,0,0,1
BRDA:60,0,1,2
BRDA:67,1,0,4
BRDA:67,1,1,20
BRDA:99,2,0,3
BRDA:99,2,1,21
BRDA:120,3,0,10
BRDA:120,3,1,2
BRF:8
BRH:8
end_of_record
TN:
SF:src/Task2-Trello Clone/pages/HomePage.js
FN:18,HomePage
FN:23,(anonymous_1)
FN:24,(anonymous_2)
FN:34,(anonymous_3)
FN:41,(anonymous_4)
FN:54,(anonymous_5)
FN:139,(anonymous_6)
FN:142,(anonymous_7)
FNF:8
FNH:8
FNDA:16,HomePage
FNDA:5,(anonymous_1)
FNDA:5,(anonymous_2)
FNDA:5,(anonymous_3)
FNDA:1,(anonymous_4)
FNDA:1,(anonymous_5)
FNDA:7,(anonymous_6)
FNDA:7,(anonymous_7)
DA:19,16
DA:20,16
DA:21,16
DA:22,16
DA:23,16
DA:24,5
DA:25,5
DA:28,4
DA:29,4
DA:32,5
DA:34,16
DA:35,5
DA:36,2
DA:38,3
DA:41,16
DA:42,1
DA:44,1
DA:47,1
DA:50,1
DA:51,1
DA:52,1
DA:54,16
DA:55,1
DA:57,16
DA:58,5
DA:64,11
DA:140,7
DA:143,7
DA:186,2
LF:29
LH:29
BRDA:35,0,0,2
BRDA:35,0,1,3
BRDA:57,1,0,5
BRDA:57,1,1,11
BRF:4
BRH:4
end_of_record
TN:
SF:src/task1-ToDoList/ToDo.js
FN:5,(anonymous_0)
FN:17,(anonymous_1)
FN:35,(anonymous_2)
FN:44,(anonymous_3)
FN:46,(anonymous_4)
FN:57,(anonymous_5)
FN:60,(anonymous_6)
FN:69,(anonymous_7)
FN:98,(anonymous_8)
FN:106,(anonymous_9)
FN:115,(anonymous_10)
FNF:11
FNH:11
FNDA:10,(anonymous_0)
FNDA:7,(anonymous_1)
FNDA:6,(anonymous_2)
FNDA:2,(anonymous_3)
FNDA:3,(anonymous_4)
FNDA:1,(anonymous_5)
FNDA:2,(anonymous_6)
FNDA:25,(anonymous_7)
FNDA:13,(anonymous_8)
FNDA:1,(anonymous_9)
FNDA:2,(anonymous_10)
DA:6,10
DA:7,10
DA:14,10
DA:17,10
DA:18,7
DA:19,7
DA:20,7
DA:21,6
DA:22,6
DA:29,6
DA:30,6
DA:35,10
DA:36,6
DA:44,10
DA:45,2
DA:46,3
DA:48,2
DA:51,2
DA:52,1
DA:53,1
DA:57,10
DA:58,1
DA:59,1
DA:60,1
DA:61,2
DA:62,2
DA:64,1
DA:70,25
DA:99,13
DA:107,1
DA:116,2
LF:31
LH:31
BRDA:20,0,0,6
BRDA:20,0,1,1
BRDA:51,1,0,1
BRDA:51,1,1,1
BRDA:61,2,0,1
BRDA:61,2,1,1
BRF:6
BRH:6
end_of_record
